<?xml version="1.0" encoding="UTF-8"?>
<coverage generated="1657638758455" clover="3.2.0">
  <project timestamp="1657638758455" name="All files">
    <metrics statements="293" coveredstatements="242" conditionals="159" coveredconditionals="89" methods="135" coveredmethods="123" elements="587" coveredelements="454" complexity="0" loc="293" ncloc="293" packages="18" files="27" classes="27"/>
    <package name="src">
      <metrics statements="4" coveredstatements="4" conditionals="0" coveredconditionals="0" methods="2" coveredmethods="2"/>
      <file name="test-utils.tsx" path="/home/achmielewski/sites/select-plus-rent-ts/src/test-utils.tsx">
        <metrics statements="4" coveredstatements="4" conditionals="0" coveredconditionals="0" methods="2" coveredmethods="2"/>
        <line num="5" count="11" type="stmt"/>
        <line num="6" count="31" type="stmt"/>
        <line num="9" count="11" type="stmt"/>
        <line num="10" count="31" type="stmt"/>
      </file>
    </package>
    <package name="src.assets.styles">
      <metrics statements="2" coveredstatements="2" conditionals="0" coveredconditionals="0" methods="0" coveredmethods="0"/>
      <file name="GlobalStyles.ts" path="/home/achmielewski/sites/select-plus-rent-ts/src/assets/styles/GlobalStyles.ts">
        <metrics statements="1" coveredstatements="1" conditionals="0" coveredconditionals="0" methods="0" coveredmethods="0"/>
        <line num="3" count="11" type="stmt"/>
      </file>
      <file name="theme.ts" path="/home/achmielewski/sites/select-plus-rent-ts/src/assets/styles/theme.ts">
        <metrics statements="1" coveredstatements="1" conditionals="0" coveredconditionals="0" methods="0" coveredmethods="0"/>
        <line num="3" count="11" type="stmt"/>
      </file>
    </package>
    <package name="src.components.atoms.ParallaxPlaceholder">
      <metrics statements="3" coveredstatements="3" conditionals="0" coveredconditionals="0" methods="2" coveredmethods="2"/>
      <file name="ParallaxPlaceholder.ts" path="/home/achmielewski/sites/select-plus-rent-ts/src/components/atoms/ParallaxPlaceholder/ParallaxPlaceholder.ts">
        <metrics statements="3" coveredstatements="3" conditionals="0" coveredconditionals="0" methods="2" coveredmethods="2"/>
        <line num="7" count="1" type="stmt"/>
        <line num="9" count="1" type="stmt"/>
        <line num="11" count="1" type="stmt"/>
      </file>
    </package>
    <package name="src.components.atoms.Subtitle">
      <metrics statements="27" coveredstatements="27" conditionals="7" coveredconditionals="7" methods="18" coveredmethods="18"/>
      <file name="Subtitle.ts" path="/home/achmielewski/sites/select-plus-rent-ts/src/components/atoms/Subtitle/Subtitle.ts">
        <metrics statements="27" coveredstatements="27" conditionals="7" coveredconditionals="7" methods="18" coveredmethods="18"/>
        <line num="9" count="2" type="stmt"/>
        <line num="11" count="4" type="stmt"/>
        <line num="12" count="4" type="stmt"/>
        <line num="13" count="4" type="stmt"/>
        <line num="15" count="4" type="stmt"/>
        <line num="17" count="4" type="stmt"/>
        <line num="21" count="2" type="stmt"/>
        <line num="22" count="2" type="stmt"/>
        <line num="23" count="2" type="stmt"/>
        <line num="25" count="2" type="stmt"/>
        <line num="26" count="2" type="stmt"/>
        <line num="27" count="2" type="stmt"/>
        <line num="31" count="2" type="stmt"/>
        <line num="33" count="1" type="stmt"/>
        <line num="36" count="2" type="stmt"/>
        <line num="37" count="1" type="stmt"/>
        <line num="38" count="1" type="stmt"/>
        <line num="42" count="2" type="stmt"/>
        <line num="44" count="7" type="cond" truecount="1" falsecount="0"/>
        <line num="45" count="7" type="cond" truecount="1" falsecount="0"/>
        <line num="46" count="7" type="stmt"/>
        <line num="47" count="7" type="cond" truecount="1" falsecount="0"/>
        <line num="50" count="7" type="cond" truecount="4" falsecount="0"/>
        <line num="52" count="4" type="stmt"/>
        <line num="54" count="1" type="stmt"/>
        <line num="56" count="1" type="stmt"/>
        <line num="58" count="1" type="stmt"/>
      </file>
    </package>
    <package name="src.components.atoms.Title">
      <metrics statements="38" coveredstatements="38" conditionals="9" coveredconditionals="9" methods="25" coveredmethods="25"/>
      <file name="Title.ts" path="/home/achmielewski/sites/select-plus-rent-ts/src/components/atoms/Title/Title.ts">
        <metrics statements="38" coveredstatements="38" conditionals="9" coveredconditionals="9" methods="25" coveredmethods="25"/>
        <line num="15" count="2" type="stmt"/>
        <line num="17" count="4" type="stmt"/>
        <line num="18" count="4" type="stmt"/>
        <line num="19" count="4" type="stmt"/>
        <line num="21" count="4" type="stmt"/>
        <line num="23" count="4" type="stmt"/>
        <line num="24" count="4" type="stmt"/>
        <line num="28" count="2" type="stmt"/>
        <line num="29" count="2" type="stmt"/>
        <line num="30" count="2" type="stmt"/>
        <line num="32" count="2" type="stmt"/>
        <line num="33" count="2" type="stmt"/>
        <line num="34" count="2" type="stmt"/>
        <line num="38" count="2" type="stmt"/>
        <line num="40" count="1" type="stmt"/>
        <line num="43" count="2" type="stmt"/>
        <line num="44" count="1" type="stmt"/>
        <line num="45" count="1" type="stmt"/>
        <line num="48" count="1" type="stmt"/>
        <line num="49" count="1" type="stmt"/>
        <line num="50" count="1" type="stmt"/>
        <line num="54" count="2" type="stmt"/>
        <line num="55" count="2" type="stmt"/>
        <line num="56" count="2" type="stmt"/>
        <line num="57" count="2" type="stmt"/>
        <line num="61" count="2" type="stmt"/>
        <line num="66" count="2" type="stmt"/>
        <line num="68" count="9" type="cond" truecount="1" falsecount="0"/>
        <line num="69" count="9" type="cond" truecount="1" falsecount="0"/>
        <line num="70" count="9" type="stmt"/>
        <line num="71" count="9" type="cond" truecount="1" falsecount="0"/>
        <line num="74" count="9" type="cond" truecount="6" falsecount="0"/>
        <line num="76" count="4" type="stmt"/>
        <line num="78" count="1" type="stmt"/>
        <line num="80" count="1" type="stmt"/>
        <line num="82" count="1" type="stmt"/>
        <line num="84" count="1" type="stmt"/>
        <line num="86" count="1" type="stmt"/>
      </file>
    </package>
    <package name="src.components.molecules.CarouselSlide">
      <metrics statements="5" coveredstatements="5" conditionals="0" coveredconditionals="0" methods="1" coveredmethods="1"/>
      <file name="CarouselSlide.style.ts" path="/home/achmielewski/sites/select-plus-rent-ts/src/components/molecules/CarouselSlide/CarouselSlide.style.ts">
        <metrics statements="3" coveredstatements="3" conditionals="0" coveredconditionals="0" methods="0" coveredmethods="0"/>
        <line num="4" count="1" type="stmt"/>
        <line num="8" count="1" type="stmt"/>
        <line num="15" count="1" type="stmt"/>
      </file>
      <file name="CarouselSlide.tsx" path="/home/achmielewski/sites/select-plus-rent-ts/src/components/molecules/CarouselSlide/CarouselSlide.tsx">
        <metrics statements="2" coveredstatements="2" conditionals="0" coveredconditionals="0" methods="1" coveredmethods="1"/>
        <line num="7" count="1" type="stmt"/>
        <line num="8" count="1" type="stmt"/>
      </file>
    </package>
    <package name="src.components.molecules.ContactBox">
      <metrics statements="11" coveredstatements="11" conditionals="2" coveredconditionals="2" methods="8" coveredmethods="8"/>
      <file name="ContactBox.style.ts" path="/home/achmielewski/sites/select-plus-rent-ts/src/components/molecules/ContactBox/ContactBox.style.ts">
        <metrics statements="9" coveredstatements="9" conditionals="2" coveredconditionals="2" methods="7" coveredmethods="7"/>
        <line num="4" count="2" type="stmt"/>
        <line num="10" count="14" type="stmt"/>
        <line num="15" count="14" type="stmt"/>
        <line num="16" count="14" type="cond" truecount="2" falsecount="0"/>
        <line num="20" count="2" type="stmt"/>
        <line num="21" count="28" type="stmt"/>
        <line num="22" count="28" type="stmt"/>
        <line num="23" count="28" type="stmt"/>
        <line num="26" count="28" type="stmt"/>
      </file>
      <file name="ContactBox.tsx" path="/home/achmielewski/sites/select-plus-rent-ts/src/components/molecules/ContactBox/ContactBox.tsx">
        <metrics statements="2" coveredstatements="2" conditionals="0" coveredconditionals="0" methods="1" coveredmethods="1"/>
        <line num="8" count="2" type="stmt"/>
        <line num="9" count="14" type="stmt"/>
      </file>
    </package>
    <package name="src.components.molecules.HamburgerButton">
      <metrics statements="10" coveredstatements="10" conditionals="6" coveredconditionals="6" methods="7" coveredmethods="7"/>
      <file name="HamburgerButton.style.ts" path="/home/achmielewski/sites/select-plus-rent-ts/src/components/molecules/HamburgerButton/HamburgerButton.style.ts">
        <metrics statements="8" coveredstatements="8" conditionals="4" coveredconditionals="4" methods="6" coveredmethods="6"/>
        <line num="3" count="2" type="stmt"/>
        <line num="9" count="30" type="stmt"/>
        <line num="17" count="2" type="stmt"/>
        <line num="31" count="15" type="stmt"/>
        <line num="37" count="15" type="cond" truecount="2" falsecount="0"/>
        <line num="43" count="15" type="cond" truecount="2" falsecount="0"/>
        <line num="46" count="15" type="stmt"/>
        <line num="49" count="15" type="stmt"/>
      </file>
      <file name="HamburgerButton.tsx" path="/home/achmielewski/sites/select-plus-rent-ts/src/components/molecules/HamburgerButton/HamburgerButton.tsx">
        <metrics statements="2" coveredstatements="2" conditionals="2" coveredconditionals="2" methods="1" coveredmethods="1"/>
        <line num="9" count="2" type="stmt"/>
        <line num="10" count="15" type="stmt"/>
      </file>
    </package>
    <package name="src.components.molecules.Logo">
      <metrics statements="14" coveredstatements="11" conditionals="14" coveredconditionals="11" methods="5" coveredmethods="4"/>
      <file name="Logo.style.ts" path="/home/achmielewski/sites/select-plus-rent-ts/src/components/molecules/Logo/Logo.style.ts">
        <metrics statements="4" coveredstatements="4" conditionals="4" coveredconditionals="4" methods="3" coveredmethods="3"/>
        <line num="10" count="2" type="stmt"/>
        <line num="30" count="14" type="stmt"/>
        <line num="36" count="14" type="stmt"/>
        <line num="40" count="14" type="cond" truecount="4" falsecount="0"/>
      </file>
      <file name="Logo.tsx" path="/home/achmielewski/sites/select-plus-rent-ts/src/components/molecules/Logo/Logo.tsx">
        <metrics statements="10" coveredstatements="7" conditionals="10" coveredconditionals="7" methods="2" coveredmethods="1"/>
        <line num="7" count="2" type="stmt"/>
        <line num="18" count="2" type="stmt"/>
        <line num="19" count="15" type="stmt"/>
        <line num="21" count="15" type="stmt"/>
        <line num="22" count="0" type="cond" truecount="0" falsecount="2"/>
        <line num="23" count="0" type="stmt"/>
        <line num="27" count="15" type="cond" truecount="4" falsecount="0"/>
        <line num="28" count="14" type="stmt"/>
        <line num="39" count="1" type="cond" truecount="1" falsecount="1"/>
        <line num="40" count="0" type="stmt"/>
      </file>
    </package>
    <package name="src.components.molecules.NavigationList">
      <metrics statements="23" coveredstatements="21" conditionals="6" coveredconditionals="4" methods="16" coveredmethods="15"/>
      <file name="NavigationList.style.ts" path="/home/achmielewski/sites/select-plus-rent-ts/src/components/molecules/NavigationList/NavigationList.style.ts">
        <metrics statements="15" coveredstatements="15" conditionals="6" coveredconditionals="4" methods="13" coveredmethods="13"/>
        <line num="12" count="2" type="stmt"/>
        <line num="28" count="21" type="stmt"/>
        <line num="40" count="21" type="cond" truecount="1" falsecount="1"/>
        <line num="48" count="21" type="stmt"/>
        <line num="60" count="21" type="cond" truecount="1" falsecount="1"/>
        <line num="65" count="2" type="stmt"/>
        <line num="67" count="84" type="stmt"/>
        <line num="68" count="84" type="stmt"/>
        <line num="69" count="84" type="stmt"/>
        <line num="76" count="84" type="stmt"/>
        <line num="78" count="84" type="stmt"/>
        <line num="79" count="84" type="stmt"/>
        <line num="84" count="84" type="stmt"/>
        <line num="87" count="84" type="cond" truecount="2" falsecount="0"/>
        <line num="88" count="84" type="stmt"/>
      </file>
      <file name="NavigationList.tsx" path="/home/achmielewski/sites/select-plus-rent-ts/src/components/molecules/NavigationList/NavigationList.tsx">
        <metrics statements="8" coveredstatements="6" conditionals="0" coveredconditionals="0" methods="3" coveredmethods="2"/>
        <line num="6" count="2" type="stmt"/>
        <line num="17" count="2" type="stmt"/>
        <line num="18" count="21" type="stmt"/>
        <line num="20" count="21" type="stmt"/>
        <line num="21" count="0" type="stmt"/>
        <line num="22" count="0" type="stmt"/>
        <line num="25" count="21" type="stmt"/>
        <line num="28" count="84" type="stmt"/>
      </file>
    </package>
    <package name="src.components.molecules.Socials">
      <metrics statements="6" coveredstatements="6" conditionals="1" coveredconditionals="1" methods="4" coveredmethods="4"/>
      <file name="Socials.style.ts" path="/home/achmielewski/sites/select-plus-rent-ts/src/components/molecules/Socials/Socials.style.ts">
        <metrics statements="4" coveredstatements="4" conditionals="0" coveredconditionals="0" methods="3" coveredmethods="3"/>
        <line num="3" count="1" type="stmt"/>
        <line num="8" count="20" type="stmt"/>
        <line num="10" count="20" type="stmt"/>
        <line num="15" count="20" type="stmt"/>
      </file>
      <file name="Socials.tsx" path="/home/achmielewski/sites/select-plus-rent-ts/src/components/molecules/Socials/Socials.tsx">
        <metrics statements="2" coveredstatements="2" conditionals="1" coveredconditionals="1" methods="1" coveredmethods="1"/>
        <line num="10" count="1" type="cond" truecount="1" falsecount="0"/>
        <line num="11" count="20" type="stmt"/>
      </file>
    </package>
    <package name="src.components.organisms.HamburgerMenu">
      <metrics statements="10" coveredstatements="10" conditionals="2" coveredconditionals="2" methods="7" coveredmethods="7"/>
      <file name="HamburgerMenu.style.tsx" path="/home/achmielewski/sites/select-plus-rent-ts/src/components/organisms/HamburgerMenu/HamburgerMenu.style.tsx">
        <metrics statements="7" coveredstatements="7" conditionals="2" coveredconditionals="2" methods="6" coveredmethods="6"/>
        <line num="8" count="1" type="stmt"/>
        <line num="15" count="12" type="stmt"/>
        <line num="17" count="12" type="stmt"/>
        <line num="19" count="12" type="stmt"/>
        <line num="20" count="12" type="cond" truecount="2" falsecount="0"/>
        <line num="23" count="12" type="stmt"/>
        <line num="27" count="12" type="stmt"/>
      </file>
      <file name="HamburgerMenu.tsx" path="/home/achmielewski/sites/select-plus-rent-ts/src/components/organisms/HamburgerMenu/HamburgerMenu.tsx">
        <metrics statements="3" coveredstatements="3" conditionals="0" coveredconditionals="0" methods="1" coveredmethods="1"/>
        <line num="12" count="1" type="stmt"/>
        <line num="13" count="12" type="stmt"/>
        <line num="15" count="12" type="stmt"/>
      </file>
    </package>
    <package name="src.components.organisms.NavBar">
      <metrics statements="17" coveredstatements="17" conditionals="24" coveredconditionals="14" methods="14" coveredmethods="14"/>
      <file name="NavBar.style.ts" path="/home/achmielewski/sites/select-plus-rent-ts/src/components/organisms/NavBar/NavBar.style.ts">
        <metrics statements="14" coveredstatements="14" conditionals="22" coveredconditionals="12" methods="13" coveredmethods="13"/>
        <line num="10" count="1" type="stmt"/>
        <line num="14" count="12" type="stmt"/>
        <line num="21" count="12" type="stmt"/>
        <line num="22" count="12" type="cond" truecount="1" falsecount="1"/>
        <line num="23" count="12" type="cond" truecount="2" falsecount="0"/>
        <line num="26" count="12" type="stmt"/>
        <line num="33" count="12" type="cond" truecount="1" falsecount="1"/>
        <line num="35" count="12" type="cond" truecount="2" falsecount="2"/>
        <line num="38" count="12" type="stmt"/>
        <line num="41" count="12" type="cond" truecount="1" falsecount="1"/>
        <line num="43" count="12" type="cond" truecount="1" falsecount="1"/>
        <line num="44" count="12" type="cond" truecount="1" falsecount="1"/>
        <line num="46" count="12" type="cond" truecount="1" falsecount="1"/>
        <line num="48" count="12" type="cond" truecount="2" falsecount="2"/>
      </file>
      <file name="NavBar.tsx" path="/home/achmielewski/sites/select-plus-rent-ts/src/components/organisms/NavBar/NavBar.tsx">
        <metrics statements="3" coveredstatements="3" conditionals="2" coveredconditionals="2" methods="1" coveredmethods="1"/>
        <line num="10" count="1" type="stmt"/>
        <line num="12" count="12" type="stmt"/>
        <line num="14" count="12" type="stmt"/>
      </file>
    </package>
    <package name="src.components.templates.MainTemplate">
      <metrics statements="2" coveredstatements="2" conditionals="0" coveredconditionals="0" methods="1" coveredmethods="1"/>
      <file name="MainTemplate.tsx" path="/home/achmielewski/sites/select-plus-rent-ts/src/components/templates/MainTemplate/MainTemplate.tsx">
        <metrics statements="2" coveredstatements="2" conditionals="0" coveredconditionals="0" methods="1" coveredmethods="1"/>
        <line num="11" count="11" type="stmt"/>
        <line num="12" count="31" type="stmt"/>
      </file>
    </package>
    <package name="src.helpers">
      <metrics statements="20" coveredstatements="19" conditionals="11" coveredconditionals="11" methods="5" coveredmethods="5"/>
      <file name="testing.tsx" path="/home/achmielewski/sites/select-plus-rent-ts/src/helpers/testing.tsx">
        <metrics statements="20" coveredstatements="19" conditionals="11" coveredconditionals="11" methods="5" coveredmethods="5"/>
        <line num="5" count="3" type="stmt"/>
        <line num="6" count="10" type="cond" truecount="2" falsecount="0"/>
        <line num="7" count="8" type="stmt"/>
        <line num="9" count="10" type="cond" truecount="2" falsecount="0"/>
        <line num="10" count="2" type="stmt"/>
        <line num="12" count="10" type="stmt"/>
        <line num="15" count="3" type="stmt"/>
        <line num="16" count="10" type="cond" truecount="2" falsecount="0"/>
        <line num="17" count="8" type="stmt"/>
        <line num="18" count="8" type="stmt"/>
        <line num="22" count="10" type="cond" truecount="2" falsecount="0"/>
        <line num="23" count="2" type="stmt"/>
        <line num="24" count="2" type="stmt"/>
        <line num="29" count="3" type="stmt"/>
        <line num="31" count="16" type="stmt"/>
        <line num="32" count="16" type="cond" truecount="3" falsecount="0"/>
        <line num="34" count="5" type="stmt"/>
        <line num="36" count="8" type="stmt"/>
        <line num="43" count="3" type="stmt"/>
        <line num="50" count="0" type="stmt"/>
      </file>
    </package>
    <package name="src.hooks">
      <metrics statements="9" coveredstatements="9" conditionals="0" coveredconditionals="0" methods="4" coveredmethods="4"/>
      <file name="useWindowSize.ts" path="/home/achmielewski/sites/select-plus-rent-ts/src/hooks/useWindowSize.ts">
        <metrics statements="9" coveredstatements="9" conditionals="0" coveredconditionals="0" methods="4" coveredmethods="4"/>
        <line num="8" count="5" type="stmt"/>
        <line num="9" count="52" type="stmt"/>
        <line num="13" count="52" type="stmt"/>
        <line num="14" count="12" type="stmt"/>
        <line num="15" count="24" type="stmt"/>
        <line num="21" count="12" type="stmt"/>
        <line num="22" count="12" type="stmt"/>
        <line num="23" count="12" type="stmt"/>
        <line num="25" count="52" type="stmt"/>
      </file>
    </package>
    <package name="src.mocks">
      <metrics statements="4" coveredstatements="4" conditionals="0" coveredconditionals="0" methods="0" coveredmethods="0"/>
      <file name="graphqlMocks.ts" path="/home/achmielewski/sites/select-plus-rent-ts/src/mocks/graphqlMocks.ts">
        <metrics statements="4" coveredstatements="4" conditionals="0" coveredconditionals="0" methods="0" coveredmethods="0"/>
        <line num="4" count="1" type="stmt"/>
        <line num="11" count="1" type="stmt"/>
        <line num="16" count="1" type="stmt"/>
        <line num="33" count="1" type="stmt"/>
      </file>
    </package>
    <package name="src.providers">
      <metrics statements="88" coveredstatements="43" conditionals="77" coveredconditionals="22" methods="16" coveredmethods="6"/>
      <file name="IndexContextProvider.tsx" path="/home/achmielewski/sites/select-plus-rent-ts/src/providers/IndexContextProvider.tsx">
        <metrics statements="88" coveredstatements="43" conditionals="77" coveredconditionals="22" methods="16" coveredmethods="6"/>
        <line num="23" count="5" type="stmt"/>
        <line num="36" count="5" type="stmt"/>
        <line num="37" count="76" type="stmt"/>
        <line num="40" count="5" type="stmt"/>
        <line num="41" count="30" type="stmt"/>
        <line num="42" count="30" type="stmt"/>
        <line num="43" count="30" type="stmt"/>
        <line num="44" count="30" type="stmt"/>
        <line num="45" count="30" type="stmt"/>
        <line num="46" count="30" type="stmt"/>
        <line num="47" count="30" type="stmt"/>
        <line num="48" count="30" type="stmt"/>
        <line num="49" count="30" type="stmt"/>
        <line num="50" count="30" type="stmt"/>
        <line num="51" count="30" type="stmt"/>
        <line num="54" count="30" type="stmt"/>
        <line num="55" count="5" type="cond" truecount="2" falsecount="0"/>
        <line num="56" count="4" type="stmt"/>
        <line num="60" count="30" type="stmt"/>
        <line num="61" count="1" type="stmt"/>
        <line num="64" count="30" type="stmt"/>
        <line num="66" count="0" type="cond" truecount="0" falsecount="2"/>
        <line num="67" count="0" type="stmt"/>
        <line num="68" count="0" type="stmt"/>
        <line num="69" count="0" type="cond" truecount="0" falsecount="2"/>
        <line num="70" count="0" type="stmt"/>
        <line num="72" count="0" type="stmt"/>
        <line num="74" count="0" type="stmt"/>
        <line num="81" count="30" type="stmt"/>
        <line num="83" count="0" type="cond" truecount="0" falsecount="3"/>
        <line num="84" count="0" type="cond" truecount="0" falsecount="2"/>
        <line num="89" count="30" type="stmt"/>
        <line num="91" count="0" type="cond" truecount="0" falsecount="4"/>
        <line num="92" count="0" type="cond" truecount="0" falsecount="2"/>
        <line num="93" count="0" type="cond" truecount="0" falsecount="2"/>
        <line num="94" count="0" type="cond" truecount="0" falsecount="2"/>
        <line num="95" count="0" type="stmt"/>
        <line num="98" count="0" type="cond" truecount="0" falsecount="2"/>
        <line num="99" count="0" type="cond" truecount="0" falsecount="2"/>
        <line num="100" count="0" type="cond" truecount="0" falsecount="2"/>
        <line num="101" count="0" type="stmt"/>
        <line num="106" count="0" type="cond" truecount="0" falsecount="2"/>
        <line num="107" count="0" type="stmt"/>
        <line num="113" count="30" type="stmt"/>
        <line num="115" count="0" type="cond" truecount="0" falsecount="2"/>
        <line num="116" count="0" type="cond" truecount="0" falsecount="2"/>
        <line num="117" count="0" type="stmt"/>
        <line num="119" count="0" type="cond" truecount="0" falsecount="4"/>
        <line num="120" count="0" type="stmt"/>
        <line num="126" count="30" type="stmt"/>
        <line num="128" count="0" type="cond" truecount="0" falsecount="2"/>
        <line num="129" count="0" type="stmt"/>
        <line num="135" count="30" type="stmt"/>
        <line num="137" count="0" type="cond" truecount="0" falsecount="2"/>
        <line num="138" count="0" type="stmt"/>
        <line num="140" count="0" type="cond" truecount="0" falsecount="4"/>
        <line num="141" count="0" type="stmt"/>
        <line num="143" count="0" type="cond" truecount="0" falsecount="2"/>
        <line num="144" count="0" type="cond" truecount="0" falsecount="2"/>
        <line num="145" count="0" type="cond" truecount="0" falsecount="2"/>
        <line num="146" count="0" type="stmt"/>
        <line num="149" count="0" type="cond" truecount="0" falsecount="2"/>
        <line num="150" count="0" type="cond" truecount="0" falsecount="2"/>
        <line num="151" count="0" type="cond" truecount="0" falsecount="2"/>
        <line num="152" count="0" type="stmt"/>
        <line num="161" count="30" type="stmt"/>
        <line num="163" count="0" type="stmt"/>
        <line num="164" count="0" type="stmt"/>
        <line num="165" count="0" type="stmt"/>
        <line num="166" count="0" type="stmt"/>
        <line num="167" count="0" type="stmt"/>
        <line num="168" count="0" type="stmt"/>
        <line num="180" count="30" type="stmt"/>
        <line num="182" count="15" type="cond" truecount="2" falsecount="0"/>
        <line num="183" count="8" type="stmt"/>
        <line num="184" count="8" type="cond" truecount="4" falsecount="0"/>
        <line num="185" count="2" type="stmt"/>
        <line num="186" count="2" type="stmt"/>
        <line num="188" count="8" type="cond" truecount="4" falsecount="0"/>
        <line num="189" count="6" type="stmt"/>
        <line num="190" count="6" type="stmt"/>
        <line num="195" count="30" type="stmt"/>
        <line num="196" count="22" type="cond" truecount="5" falsecount="0"/>
        <line num="197" count="1" type="stmt"/>
        <line num="199" count="22" type="cond" truecount="5" falsecount="0"/>
        <line num="200" count="4" type="stmt"/>
        <line num="204" count="30" type="stmt"/>
        <line num="217" count="30" type="stmt"/>
      </file>
    </package>
  </project>
</coverage>
