{"/home/achmielewski/sites/select-plus-rent-ts/src/test-utils.tsx": {"path":"/home/achmielewski/sites/select-plus-rent-ts/src/test-utils.tsx","statementMap":{"0":{"start":{"line":5,"column":59},"end":{"line":7,"column":1}},"1":{"start":{"line":6,"column":2},"end":{"line":6,"column":49}},"2":{"start":{"line":9,"column":21},"end":{"line":10,"column":54}},"3":{"start":{"line":10,"column":2},"end":{"line":10,"column":54}}},"fnMap":{"0":{"name":"(anonymous_0)","decl":{"start":{"line":5,"column":59},"end":{"line":5,"column":60}},"loc":{"start":{"line":5,"column":77},"end":{"line":7,"column":1}},"line":5},"1":{"name":"(anonymous_1)","decl":{"start":{"line":9,"column":21},"end":{"line":9,"column":22}},"loc":{"start":{"line":10,"column":2},"end":{"line":10,"column":54}},"line":10}},"branchMap":{},"s":{"0":1,"1":2,"2":1,"3":2},"f":{"0":2,"1":2},"b":{},"_coverageSchema":"1a1c01bbd47fc00a2c39e90264f33305004495a9","hash":"394c75f77ab1ab6a0aa3b4a1e7e35282fe94fc54"}
,"/home/achmielewski/sites/select-plus-rent-ts/src/assets/styles/GlobalStyles.ts": {"path":"/home/achmielewski/sites/select-plus-rent-ts/src/assets/styles/GlobalStyles.ts","statementMap":{"0":{"start":{"line":3,"column":27},"end":{"line":45,"column":1}}},"fnMap":{},"branchMap":{},"s":{"0":1},"f":{},"b":{},"_coverageSchema":"1a1c01bbd47fc00a2c39e90264f33305004495a9","hash":"36c05eb37b8e9eb43831a2cedca33a09226a60fa"}
,"/home/achmielewski/sites/select-plus-rent-ts/src/assets/styles/theme.ts": {"path":"/home/achmielewski/sites/select-plus-rent-ts/src/assets/styles/theme.ts","statementMap":{"0":{"start":{"line":3,"column":42},"end":{"line":74,"column":1}}},"fnMap":{},"branchMap":{},"s":{"0":1},"f":{},"b":{},"_coverageSchema":"1a1c01bbd47fc00a2c39e90264f33305004495a9","hash":"277487a0552983ef589410558a6b664efb07c594"}
,"/home/achmielewski/sites/select-plus-rent-ts/src/components/molecules/HamburgerButton/HamburgerButton.style.ts": {"path":"/home/achmielewski/sites/select-plus-rent-ts/src/components/molecules/HamburgerButton/HamburgerButton.style.ts","statementMap":{"0":{"start":{"line":3,"column":25},"end":{"line":11,"column":1}},"1":{"start":{"line":9,"column":37},"end":{"line":9,"column":58}},"2":{"start":{"line":17,"column":22},"end":{"line":52,"column":1}},"3":{"start":{"line":31,"column":39},"end":{"line":31,"column":60}},"4":{"start":{"line":37,"column":45},"end":{"line":37,"column":65}},"5":{"start":{"line":43,"column":45},"end":{"line":43,"column":66}},"6":{"start":{"line":46,"column":19},"end":{"line":46,"column":34}},"7":{"start":{"line":49,"column":19},"end":{"line":49,"column":34}}},"fnMap":{"0":{"name":"(anonymous_0)","decl":{"start":{"line":9,"column":22},"end":{"line":9,"column":23}},"loc":{"start":{"line":9,"column":37},"end":{"line":9,"column":58}},"line":9},"1":{"name":"(anonymous_1)","decl":{"start":{"line":31,"column":24},"end":{"line":31,"column":25}},"loc":{"start":{"line":31,"column":39},"end":{"line":31,"column":60}},"line":31},"2":{"name":"(anonymous_2)","decl":{"start":{"line":37,"column":28},"end":{"line":37,"column":29}},"loc":{"start":{"line":37,"column":45},"end":{"line":37,"column":65}},"line":37},"3":{"name":"(anonymous_3)","decl":{"start":{"line":43,"column":28},"end":{"line":43,"column":29}},"loc":{"start":{"line":43,"column":45},"end":{"line":43,"column":66}},"line":43},"4":{"name":"(anonymous_4)","decl":{"start":{"line":46,"column":4},"end":{"line":46,"column":5}},"loc":{"start":{"line":46,"column":19},"end":{"line":46,"column":34}},"line":46},"5":{"name":"(anonymous_5)","decl":{"start":{"line":49,"column":4},"end":{"line":49,"column":5}},"loc":{"start":{"line":49,"column":19},"end":{"line":49,"column":34}},"line":49}},"branchMap":{"0":{"loc":{"start":{"line":37,"column":45},"end":{"line":37,"column":65}},"type":"cond-expr","locations":[{"start":{"line":37,"column":54},"end":{"line":37,"column":59}},{"start":{"line":37,"column":62},"end":{"line":37,"column":65}}],"line":37},"1":{"loc":{"start":{"line":43,"column":45},"end":{"line":43,"column":66}},"type":"cond-expr","locations":[{"start":{"line":43,"column":54},"end":{"line":43,"column":60}},{"start":{"line":43,"column":63},"end":{"line":43,"column":66}}],"line":43}},"s":{"0":1,"1":4,"2":1,"3":2,"4":2,"5":2,"6":2,"7":2},"f":{"0":4,"1":2,"2":2,"3":2,"4":2,"5":2},"b":{"0":[1,1],"1":[1,1]},"_coverageSchema":"1a1c01bbd47fc00a2c39e90264f33305004495a9","hash":"5740f14a833b483845a49b7bdfbfd8240ff1db75"}
,"/home/achmielewski/sites/select-plus-rent-ts/src/components/molecules/HamburgerButton/HamburgerButton.tsx": {"path":"/home/achmielewski/sites/select-plus-rent-ts/src/components/molecules/HamburgerButton/HamburgerButton.tsx","statementMap":{"0":{"start":{"line":9,"column":24},"end":{"line":16,"column":1}},"1":{"start":{"line":10,"column":2},"end":{"line":15,"column":4}}},"fnMap":{"0":{"name":"(anonymous_0)","decl":{"start":{"line":9,"column":24},"end":{"line":9,"column":25}},"loc":{"start":{"line":9,"column":75},"end":{"line":16,"column":1}},"line":9}},"branchMap":{"0":{"loc":{"start":{"line":12,"column":7},"end":{"line":12,"column":69}},"type":"cond-expr","locations":[{"start":{"line":12,"column":16},"end":{"line":12,"column":41}},{"start":{"line":12,"column":44},"end":{"line":12,"column":69}}],"line":12}},"s":{"0":1,"1":2},"f":{"0":2},"b":{"0":[1,1]},"_coverageSchema":"1a1c01bbd47fc00a2c39e90264f33305004495a9","hash":"e317a51b9378e23e55762cd34331382689a4a8b8"}
,"/home/achmielewski/sites/select-plus-rent-ts/src/components/templates/MainTemplate/MainTemplate.tsx": {"path":"/home/achmielewski/sites/select-plus-rent-ts/src/components/templates/MainTemplate/MainTemplate.tsx","statementMap":{"0":{"start":{"line":11,"column":21},"end":{"line":20,"column":1}},"1":{"start":{"line":12,"column":2},"end":{"line":19,"column":4}}},"fnMap":{"0":{"name":"(anonymous_0)","decl":{"start":{"line":11,"column":21},"end":{"line":11,"column":22}},"loc":{"start":{"line":11,"column":53},"end":{"line":20,"column":1}},"line":11}},"branchMap":{},"s":{"0":1,"1":2},"f":{"0":2},"b":{},"_coverageSchema":"1a1c01bbd47fc00a2c39e90264f33305004495a9","hash":"0f3e8228f5ea632b9ad873de4a92f667aa398787"}
}
