{"/home/achmielewski/sites/select-plus-rent-ts/src/test-utils.tsx": {"path":"/home/achmielewski/sites/select-plus-rent-ts/src/test-utils.tsx","statementMap":{"0":{"start":{"line":5,"column":59},"end":{"line":7,"column":1}},"1":{"start":{"line":6,"column":2},"end":{"line":6,"column":49}},"2":{"start":{"line":9,"column":21},"end":{"line":10,"column":54}},"3":{"start":{"line":10,"column":2},"end":{"line":10,"column":54}}},"fnMap":{"0":{"name":"(anonymous_0)","decl":{"start":{"line":5,"column":59},"end":{"line":5,"column":60}},"loc":{"start":{"line":5,"column":77},"end":{"line":7,"column":1}},"line":5},"1":{"name":"(anonymous_1)","decl":{"start":{"line":9,"column":21},"end":{"line":9,"column":22}},"loc":{"start":{"line":10,"column":2},"end":{"line":10,"column":54}},"line":10}},"branchMap":{},"s":{"0":11,"1":31,"2":11,"3":31},"f":{"0":31,"1":31},"b":{},"_coverageSchema":"1a1c01bbd47fc00a2c39e90264f33305004495a9","hash":"394c75f77ab1ab6a0aa3b4a1e7e35282fe94fc54"}
,"/home/achmielewski/sites/select-plus-rent-ts/src/assets/styles/GlobalStyles.ts": {"path":"/home/achmielewski/sites/select-plus-rent-ts/src/assets/styles/GlobalStyles.ts","statementMap":{"0":{"start":{"line":3,"column":27},"end":{"line":45,"column":1}}},"fnMap":{},"branchMap":{},"s":{"0":11},"f":{},"b":{},"_coverageSchema":"1a1c01bbd47fc00a2c39e90264f33305004495a9","hash":"36c05eb37b8e9eb43831a2cedca33a09226a60fa"}
,"/home/achmielewski/sites/select-plus-rent-ts/src/assets/styles/theme.ts": {"path":"/home/achmielewski/sites/select-plus-rent-ts/src/assets/styles/theme.ts","statementMap":{"0":{"start":{"line":3,"column":42},"end":{"line":74,"column":1}}},"fnMap":{},"branchMap":{},"s":{"0":11},"f":{},"b":{},"_coverageSchema":"1a1c01bbd47fc00a2c39e90264f33305004495a9","hash":"277487a0552983ef589410558a6b664efb07c594"}
,"/home/achmielewski/sites/select-plus-rent-ts/src/components/atoms/ParallaxPlaceholder/ParallaxPlaceholder.ts": {"path":"/home/achmielewski/sites/select-plus-rent-ts/src/components/atoms/ParallaxPlaceholder/ParallaxPlaceholder.ts","statementMap":{"0":{"start":{"line":7,"column":35},"end":{"line":12,"column":1}},"1":{"start":{"line":9,"column":28},"end":{"line":9,"column":60}},"2":{"start":{"line":11,"column":28},"end":{"line":11,"column":34}}},"fnMap":{"0":{"name":"(anonymous_0)","decl":{"start":{"line":9,"column":13},"end":{"line":9,"column":14}},"loc":{"start":{"line":9,"column":28},"end":{"line":9,"column":60}},"line":9},"1":{"name":"(anonymous_1)","decl":{"start":{"line":11,"column":12},"end":{"line":11,"column":13}},"loc":{"start":{"line":11,"column":28},"end":{"line":11,"column":34}},"line":11}},"branchMap":{},"s":{"0":1,"1":1,"2":1},"f":{"0":1,"1":1},"b":{},"_coverageSchema":"1a1c01bbd47fc00a2c39e90264f33305004495a9","hash":"777b5224a9bcce0925fc90b1a5d8cae8cb87d345"}
,"/home/achmielewski/sites/select-plus-rent-ts/src/components/atoms/Subtitle/Subtitle.ts": {"path":"/home/achmielewski/sites/select-plus-rent-ts/src/components/atoms/Subtitle/Subtitle.ts","statementMap":{"0":{"start":{"line":9,"column":21},"end":{"line":19,"column":1}},"1":{"start":{"line":11,"column":30},"end":{"line":11,"column":54}},"2":{"start":{"line":12,"column":32},"end":{"line":12,"column":54}},"3":{"start":{"line":13,"column":26},"end":{"line":13,"column":49}},"4":{"start":{"line":15,"column":19},"end":{"line":15,"column":34}},"5":{"start":{"line":17,"column":32},"end":{"line":17,"column":56}},"6":{"start":{"line":21,"column":24},"end":{"line":29,"column":1}},"7":{"start":{"line":22,"column":30},"end":{"line":22,"column":54}},"8":{"start":{"line":23,"column":32},"end":{"line":23,"column":54}},"9":{"start":{"line":25,"column":19},"end":{"line":25,"column":34}},"10":{"start":{"line":26,"column":32},"end":{"line":26,"column":56}},"11":{"start":{"line":27,"column":34},"end":{"line":27,"column":58}},"12":{"start":{"line":31,"column":29},"end":{"line":34,"column":1}},"13":{"start":{"line":33,"column":26},"end":{"line":33,"column":49}},"14":{"start":{"line":36,"column":24},"end":{"line":40,"column":1}},"15":{"start":{"line":37,"column":30},"end":{"line":37,"column":54}},"16":{"start":{"line":38,"column":32},"end":{"line":38,"column":54}},"17":{"start":{"line":42,"column":24},"end":{"line":61,"column":1}},"18":{"start":{"line":44,"column":34},"end":{"line":44,"column":40}},"19":{"start":{"line":45,"column":36},"end":{"line":45,"column":43}},"20":{"start":{"line":46,"column":26},"end":{"line":46,"column":49}},"21":{"start":{"line":47,"column":46},"end":{"line":47,"column":55}},"22":{"start":{"line":50,"column":4},"end":{"line":59,"column":5}},"23":{"start":{"line":52,"column":8},"end":{"line":52,"column":28}},"24":{"start":{"line":54,"column":8},"end":{"line":54,"column":31}},"25":{"start":{"line":56,"column":8},"end":{"line":56,"column":36}},"26":{"start":{"line":58,"column":8},"end":{"line":58,"column":31}}},"fnMap":{"0":{"name":"(anonymous_0)","decl":{"start":{"line":11,"column":15},"end":{"line":11,"column":16}},"loc":{"start":{"line":11,"column":30},"end":{"line":11,"column":54}},"line":11},"1":{"name":"(anonymous_1)","decl":{"start":{"line":12,"column":17},"end":{"line":12,"column":18}},"loc":{"start":{"line":12,"column":32},"end":{"line":12,"column":54}},"line":12},"2":{"name":"(anonymous_2)","decl":{"start":{"line":13,"column":11},"end":{"line":13,"column":12}},"loc":{"start":{"line":13,"column":26},"end":{"line":13,"column":49}},"line":13},"3":{"name":"(anonymous_3)","decl":{"start":{"line":15,"column":4},"end":{"line":15,"column":5}},"loc":{"start":{"line":15,"column":19},"end":{"line":15,"column":34}},"line":15},"4":{"name":"(anonymous_4)","decl":{"start":{"line":17,"column":17},"end":{"line":17,"column":18}},"loc":{"start":{"line":17,"column":32},"end":{"line":17,"column":56}},"line":17},"5":{"name":"(anonymous_5)","decl":{"start":{"line":22,"column":15},"end":{"line":22,"column":16}},"loc":{"start":{"line":22,"column":30},"end":{"line":22,"column":54}},"line":22},"6":{"name":"(anonymous_6)","decl":{"start":{"line":23,"column":17},"end":{"line":23,"column":18}},"loc":{"start":{"line":23,"column":32},"end":{"line":23,"column":54}},"line":23},"7":{"name":"(anonymous_7)","decl":{"start":{"line":25,"column":4},"end":{"line":25,"column":5}},"loc":{"start":{"line":25,"column":19},"end":{"line":25,"column":34}},"line":25},"8":{"name":"(anonymous_8)","decl":{"start":{"line":26,"column":17},"end":{"line":26,"column":18}},"loc":{"start":{"line":26,"column":32},"end":{"line":26,"column":56}},"line":26},"9":{"name":"(anonymous_9)","decl":{"start":{"line":27,"column":19},"end":{"line":27,"column":20}},"loc":{"start":{"line":27,"column":34},"end":{"line":27,"column":58}},"line":27},"10":{"name":"(anonymous_10)","decl":{"start":{"line":33,"column":11},"end":{"line":33,"column":12}},"loc":{"start":{"line":33,"column":26},"end":{"line":33,"column":49}},"line":33},"11":{"name":"(anonymous_11)","decl":{"start":{"line":37,"column":15},"end":{"line":37,"column":16}},"loc":{"start":{"line":37,"column":30},"end":{"line":37,"column":54}},"line":37},"12":{"name":"(anonymous_12)","decl":{"start":{"line":38,"column":17},"end":{"line":38,"column":18}},"loc":{"start":{"line":38,"column":32},"end":{"line":38,"column":54}},"line":38},"13":{"name":"(anonymous_13)","decl":{"start":{"line":44,"column":12},"end":{"line":44,"column":13}},"loc":{"start":{"line":44,"column":34},"end":{"line":44,"column":40}},"line":44},"14":{"name":"(anonymous_14)","decl":{"start":{"line":45,"column":13},"end":{"line":45,"column":14}},"loc":{"start":{"line":45,"column":36},"end":{"line":45,"column":43}},"line":45},"15":{"name":"(anonymous_15)","decl":{"start":{"line":46,"column":11},"end":{"line":46,"column":12}},"loc":{"start":{"line":46,"column":26},"end":{"line":46,"column":49}},"line":46},"16":{"name":"(anonymous_16)","decl":{"start":{"line":47,"column":16},"end":{"line":47,"column":17}},"loc":{"start":{"line":47,"column":46},"end":{"line":47,"column":55}},"line":47},"17":{"name":"(anonymous_17)","decl":{"start":{"line":49,"column":4},"end":{"line":49,"column":5}},"loc":{"start":{"line":49,"column":21},"end":{"line":60,"column":3}},"line":49}},"branchMap":{"0":{"loc":{"start":{"line":44,"column":15},"end":{"line":44,"column":27}},"type":"default-arg","locations":[{"start":{"line":44,"column":24},"end":{"line":44,"column":27}}],"line":44},"1":{"loc":{"start":{"line":45,"column":16},"end":{"line":45,"column":29}},"type":"default-arg","locations":[{"start":{"line":45,"column":26},"end":{"line":45,"column":29}}],"line":45},"2":{"loc":{"start":{"line":47,"column":19},"end":{"line":47,"column":39}},"type":"default-arg","locations":[{"start":{"line":47,"column":31},"end":{"line":47,"column":39}}],"line":47},"3":{"loc":{"start":{"line":50,"column":4},"end":{"line":59,"column":5}},"type":"switch","locations":[{"start":{"line":51,"column":6},"end":{"line":52,"column":28}},{"start":{"line":53,"column":6},"end":{"line":54,"column":31}},{"start":{"line":55,"column":6},"end":{"line":56,"column":36}},{"start":{"line":57,"column":6},"end":{"line":58,"column":31}}],"line":50}},"s":{"0":2,"1":4,"2":4,"3":4,"4":4,"5":4,"6":2,"7":2,"8":2,"9":2,"10":2,"11":2,"12":2,"13":1,"14":2,"15":1,"16":1,"17":2,"18":7,"19":7,"20":7,"21":7,"22":7,"23":4,"24":1,"25":1,"26":1},"f":{"0":4,"1":4,"2":4,"3":4,"4":4,"5":2,"6":2,"7":2,"8":2,"9":2,"10":1,"11":1,"12":1,"13":7,"14":7,"15":7,"16":7,"17":7},"b":{"0":[5],"1":[6],"2":[6],"3":[4,1,1,1]},"_coverageSchema":"1a1c01bbd47fc00a2c39e90264f33305004495a9","hash":"9f13f9a8e9afed146c8ab1ccda3f51acd08e8f6e"}
,"/home/achmielewski/sites/select-plus-rent-ts/src/components/atoms/Title/Title.ts": {"path":"/home/achmielewski/sites/select-plus-rent-ts/src/components/atoms/Title/Title.ts","statementMap":{"0":{"start":{"line":15,"column":19},"end":{"line":26,"column":1}},"1":{"start":{"line":17,"column":30},"end":{"line":17,"column":51}},"2":{"start":{"line":18,"column":32},"end":{"line":18,"column":53}},"3":{"start":{"line":19,"column":26},"end":{"line":19,"column":49}},"4":{"start":{"line":21,"column":19},"end":{"line":21,"column":34}},"5":{"start":{"line":23,"column":32},"end":{"line":23,"column":58}},"6":{"start":{"line":24,"column":34},"end":{"line":24,"column":56}},"7":{"start":{"line":28,"column":21},"end":{"line":36,"column":1}},"8":{"start":{"line":29,"column":30},"end":{"line":29,"column":51}},"9":{"start":{"line":30,"column":32},"end":{"line":30,"column":53}},"10":{"start":{"line":32,"column":19},"end":{"line":32,"column":34}},"11":{"start":{"line":33,"column":32},"end":{"line":33,"column":53}},"12":{"start":{"line":34,"column":34},"end":{"line":34,"column":55}},"13":{"start":{"line":38,"column":26},"end":{"line":41,"column":1}},"14":{"start":{"line":40,"column":26},"end":{"line":40,"column":49}},"15":{"start":{"line":43,"column":22},"end":{"line":52,"column":1}},"16":{"start":{"line":44,"column":30},"end":{"line":44,"column":51}},"17":{"start":{"line":45,"column":32},"end":{"line":45,"column":56}},"18":{"start":{"line":48,"column":19},"end":{"line":48,"column":34}},"19":{"start":{"line":49,"column":32},"end":{"line":49,"column":53}},"20":{"start":{"line":50,"column":34},"end":{"line":50,"column":55}},"21":{"start":{"line":54,"column":22},"end":{"line":59,"column":1}},"22":{"start":{"line":55,"column":30},"end":{"line":55,"column":51}},"23":{"start":{"line":56,"column":32},"end":{"line":56,"column":53}},"24":{"start":{"line":57,"column":26},"end":{"line":57,"column":49}},"25":{"start":{"line":61,"column":27},"end":{"line":64,"column":1}},"26":{"start":{"line":66,"column":21},"end":{"line":89,"column":1}},"27":{"start":{"line":68,"column":34},"end":{"line":68,"column":40}},"28":{"start":{"line":69,"column":36},"end":{"line":69,"column":43}},"29":{"start":{"line":70,"column":26},"end":{"line":70,"column":49}},"30":{"start":{"line":71,"column":46},"end":{"line":71,"column":55}},"31":{"start":{"line":74,"column":4},"end":{"line":87,"column":5}},"32":{"start":{"line":76,"column":8},"end":{"line":76,"column":26}},"33":{"start":{"line":78,"column":8},"end":{"line":78,"column":28}},"34":{"start":{"line":80,"column":8},"end":{"line":80,"column":33}},"35":{"start":{"line":82,"column":8},"end":{"line":82,"column":29}},"36":{"start":{"line":84,"column":8},"end":{"line":84,"column":29}},"37":{"start":{"line":86,"column":8},"end":{"line":86,"column":34}}},"fnMap":{"0":{"name":"(anonymous_0)","decl":{"start":{"line":17,"column":15},"end":{"line":17,"column":16}},"loc":{"start":{"line":17,"column":30},"end":{"line":17,"column":51}},"line":17},"1":{"name":"(anonymous_1)","decl":{"start":{"line":18,"column":17},"end":{"line":18,"column":18}},"loc":{"start":{"line":18,"column":32},"end":{"line":18,"column":53}},"line":18},"2":{"name":"(anonymous_2)","decl":{"start":{"line":19,"column":11},"end":{"line":19,"column":12}},"loc":{"start":{"line":19,"column":26},"end":{"line":19,"column":49}},"line":19},"3":{"name":"(anonymous_3)","decl":{"start":{"line":21,"column":4},"end":{"line":21,"column":5}},"loc":{"start":{"line":21,"column":19},"end":{"line":21,"column":34}},"line":21},"4":{"name":"(anonymous_4)","decl":{"start":{"line":23,"column":17},"end":{"line":23,"column":18}},"loc":{"start":{"line":23,"column":32},"end":{"line":23,"column":58}},"line":23},"5":{"name":"(anonymous_5)","decl":{"start":{"line":24,"column":19},"end":{"line":24,"column":20}},"loc":{"start":{"line":24,"column":34},"end":{"line":24,"column":56}},"line":24},"6":{"name":"(anonymous_6)","decl":{"start":{"line":29,"column":15},"end":{"line":29,"column":16}},"loc":{"start":{"line":29,"column":30},"end":{"line":29,"column":51}},"line":29},"7":{"name":"(anonymous_7)","decl":{"start":{"line":30,"column":17},"end":{"line":30,"column":18}},"loc":{"start":{"line":30,"column":32},"end":{"line":30,"column":53}},"line":30},"8":{"name":"(anonymous_8)","decl":{"start":{"line":32,"column":4},"end":{"line":32,"column":5}},"loc":{"start":{"line":32,"column":19},"end":{"line":32,"column":34}},"line":32},"9":{"name":"(anonymous_9)","decl":{"start":{"line":33,"column":17},"end":{"line":33,"column":18}},"loc":{"start":{"line":33,"column":32},"end":{"line":33,"column":53}},"line":33},"10":{"name":"(anonymous_10)","decl":{"start":{"line":34,"column":19},"end":{"line":34,"column":20}},"loc":{"start":{"line":34,"column":34},"end":{"line":34,"column":55}},"line":34},"11":{"name":"(anonymous_11)","decl":{"start":{"line":40,"column":11},"end":{"line":40,"column":12}},"loc":{"start":{"line":40,"column":26},"end":{"line":40,"column":49}},"line":40},"12":{"name":"(anonymous_12)","decl":{"start":{"line":44,"column":15},"end":{"line":44,"column":16}},"loc":{"start":{"line":44,"column":30},"end":{"line":44,"column":51}},"line":44},"13":{"name":"(anonymous_13)","decl":{"start":{"line":45,"column":17},"end":{"line":45,"column":18}},"loc":{"start":{"line":45,"column":32},"end":{"line":45,"column":56}},"line":45},"14":{"name":"(anonymous_14)","decl":{"start":{"line":48,"column":4},"end":{"line":48,"column":5}},"loc":{"start":{"line":48,"column":19},"end":{"line":48,"column":34}},"line":48},"15":{"name":"(anonymous_15)","decl":{"start":{"line":49,"column":17},"end":{"line":49,"column":18}},"loc":{"start":{"line":49,"column":32},"end":{"line":49,"column":53}},"line":49},"16":{"name":"(anonymous_16)","decl":{"start":{"line":50,"column":19},"end":{"line":50,"column":20}},"loc":{"start":{"line":50,"column":34},"end":{"line":50,"column":55}},"line":50},"17":{"name":"(anonymous_17)","decl":{"start":{"line":55,"column":15},"end":{"line":55,"column":16}},"loc":{"start":{"line":55,"column":30},"end":{"line":55,"column":51}},"line":55},"18":{"name":"(anonymous_18)","decl":{"start":{"line":56,"column":17},"end":{"line":56,"column":18}},"loc":{"start":{"line":56,"column":32},"end":{"line":56,"column":53}},"line":56},"19":{"name":"(anonymous_19)","decl":{"start":{"line":57,"column":11},"end":{"line":57,"column":12}},"loc":{"start":{"line":57,"column":26},"end":{"line":57,"column":49}},"line":57},"20":{"name":"(anonymous_20)","decl":{"start":{"line":68,"column":12},"end":{"line":68,"column":13}},"loc":{"start":{"line":68,"column":34},"end":{"line":68,"column":40}},"line":68},"21":{"name":"(anonymous_21)","decl":{"start":{"line":69,"column":13},"end":{"line":69,"column":14}},"loc":{"start":{"line":69,"column":36},"end":{"line":69,"column":43}},"line":69},"22":{"name":"(anonymous_22)","decl":{"start":{"line":70,"column":11},"end":{"line":70,"column":12}},"loc":{"start":{"line":70,"column":26},"end":{"line":70,"column":49}},"line":70},"23":{"name":"(anonymous_23)","decl":{"start":{"line":71,"column":16},"end":{"line":71,"column":17}},"loc":{"start":{"line":71,"column":46},"end":{"line":71,"column":55}},"line":71},"24":{"name":"(anonymous_24)","decl":{"start":{"line":73,"column":4},"end":{"line":73,"column":5}},"loc":{"start":{"line":73,"column":21},"end":{"line":88,"column":3}},"line":73}},"branchMap":{"0":{"loc":{"start":{"line":68,"column":15},"end":{"line":68,"column":27}},"type":"default-arg","locations":[{"start":{"line":68,"column":24},"end":{"line":68,"column":27}}],"line":68},"1":{"loc":{"start":{"line":69,"column":16},"end":{"line":69,"column":29}},"type":"default-arg","locations":[{"start":{"line":69,"column":26},"end":{"line":69,"column":29}}],"line":69},"2":{"loc":{"start":{"line":71,"column":19},"end":{"line":71,"column":39}},"type":"default-arg","locations":[{"start":{"line":71,"column":31},"end":{"line":71,"column":39}}],"line":71},"3":{"loc":{"start":{"line":74,"column":4},"end":{"line":87,"column":5}},"type":"switch","locations":[{"start":{"line":75,"column":6},"end":{"line":76,"column":26}},{"start":{"line":77,"column":6},"end":{"line":78,"column":28}},{"start":{"line":79,"column":6},"end":{"line":80,"column":33}},{"start":{"line":81,"column":6},"end":{"line":82,"column":29}},{"start":{"line":83,"column":6},"end":{"line":84,"column":29}},{"start":{"line":85,"column":6},"end":{"line":86,"column":34}}],"line":74}},"s":{"0":2,"1":4,"2":4,"3":4,"4":4,"5":4,"6":4,"7":2,"8":2,"9":2,"10":2,"11":2,"12":2,"13":2,"14":1,"15":2,"16":1,"17":1,"18":1,"19":1,"20":1,"21":2,"22":2,"23":2,"24":2,"25":2,"26":2,"27":9,"28":9,"29":9,"30":9,"31":9,"32":4,"33":1,"34":1,"35":1,"36":1,"37":1},"f":{"0":4,"1":4,"2":4,"3":4,"4":4,"5":4,"6":2,"7":2,"8":2,"9":2,"10":2,"11":1,"12":1,"13":1,"14":1,"15":1,"16":1,"17":2,"18":2,"19":2,"20":9,"21":9,"22":9,"23":9,"24":9},"b":{"0":[8],"1":[8],"2":[8],"3":[4,1,1,1,1,1]},"_coverageSchema":"1a1c01bbd47fc00a2c39e90264f33305004495a9","hash":"8958e435129cbd4bf53adf940ffc0fb60cb3ed95"}
,"/home/achmielewski/sites/select-plus-rent-ts/src/components/molecules/CarouselSlide/CarouselSlide.style.ts": {"path":"/home/achmielewski/sites/select-plus-rent-ts/src/components/molecules/CarouselSlide/CarouselSlide.style.ts","statementMap":{"0":{"start":{"line":4,"column":21},"end":{"line":6,"column":1}},"1":{"start":{"line":8,"column":25},"end":{"line":13,"column":1}},"2":{"start":{"line":15,"column":35},"end":{"line":25,"column":1}}},"fnMap":{},"branchMap":{},"s":{"0":1,"1":1,"2":1},"f":{},"b":{},"_coverageSchema":"1a1c01bbd47fc00a2c39e90264f33305004495a9","hash":"29f63f4c676fd9c0eb6739423894922432cf8c93"}
,"/home/achmielewski/sites/select-plus-rent-ts/src/components/molecules/CarouselSlide/CarouselSlide.tsx": {"path":"/home/achmielewski/sites/select-plus-rent-ts/src/components/molecules/CarouselSlide/CarouselSlide.tsx","statementMap":{"0":{"start":{"line":7,"column":22},"end":{"line":21,"column":1}},"1":{"start":{"line":8,"column":2},"end":{"line":20,"column":4}}},"fnMap":{"0":{"name":"(anonymous_0)","decl":{"start":{"line":7,"column":22},"end":{"line":7,"column":23}},"loc":{"start":{"line":7,"column":75},"end":{"line":21,"column":1}},"line":7}},"branchMap":{},"s":{"0":1,"1":1},"f":{"0":1},"b":{},"_coverageSchema":"1a1c01bbd47fc00a2c39e90264f33305004495a9","hash":"e5a46f4fa80764c9c51a6e379dea3e3d2c08f3fc"}
,"/home/achmielewski/sites/select-plus-rent-ts/src/components/molecules/ContactBox/ContactBox.style.ts": {"path":"/home/achmielewski/sites/select-plus-rent-ts/src/components/molecules/ContactBox/ContactBox.style.ts","statementMap":{"0":{"start":{"line":4,"column":23},"end":{"line":18,"column":1}},"1":{"start":{"line":10,"column":28},"end":{"line":10,"column":61}},"2":{"start":{"line":15,"column":37},"end":{"line":15,"column":62}},"3":{"start":{"line":16,"column":46},"end":{"line":16,"column":70}},"4":{"start":{"line":20,"column":28},"end":{"line":29,"column":1}},"5":{"start":{"line":21,"column":30},"end":{"line":21,"column":54}},"6":{"start":{"line":22,"column":32},"end":{"line":22,"column":56}},"7":{"start":{"line":23,"column":26},"end":{"line":23,"column":49}},"8":{"start":{"line":26,"column":34},"end":{"line":26,"column":56}}},"fnMap":{"0":{"name":"(anonymous_0)","decl":{"start":{"line":10,"column":13},"end":{"line":10,"column":14}},"loc":{"start":{"line":10,"column":28},"end":{"line":10,"column":61}},"line":10},"1":{"name":"(anonymous_1)","decl":{"start":{"line":15,"column":22},"end":{"line":15,"column":23}},"loc":{"start":{"line":15,"column":37},"end":{"line":15,"column":62}},"line":15},"2":{"name":"(anonymous_2)","decl":{"start":{"line":16,"column":26},"end":{"line":16,"column":27}},"loc":{"start":{"line":16,"column":46},"end":{"line":16,"column":70}},"line":16},"3":{"name":"(anonymous_3)","decl":{"start":{"line":21,"column":15},"end":{"line":21,"column":16}},"loc":{"start":{"line":21,"column":30},"end":{"line":21,"column":54}},"line":21},"4":{"name":"(anonymous_4)","decl":{"start":{"line":22,"column":17},"end":{"line":22,"column":18}},"loc":{"start":{"line":22,"column":32},"end":{"line":22,"column":56}},"line":22},"5":{"name":"(anonymous_5)","decl":{"start":{"line":23,"column":11},"end":{"line":23,"column":12}},"loc":{"start":{"line":23,"column":26},"end":{"line":23,"column":49}},"line":23},"6":{"name":"(anonymous_6)","decl":{"start":{"line":26,"column":19},"end":{"line":26,"column":20}},"loc":{"start":{"line":26,"column":34},"end":{"line":26,"column":56}},"line":26}},"branchMap":{"0":{"loc":{"start":{"line":16,"column":46},"end":{"line":16,"column":70}},"type":"cond-expr","locations":[{"start":{"line":16,"column":58},"end":{"line":16,"column":61}},{"start":{"line":16,"column":64},"end":{"line":16,"column":70}}],"line":16}},"s":{"0":2,"1":14,"2":14,"3":14,"4":2,"5":28,"6":28,"7":28,"8":28},"f":{"0":14,"1":14,"2":14,"3":28,"4":28,"5":28,"6":28},"b":{"0":[2,12]},"_coverageSchema":"1a1c01bbd47fc00a2c39e90264f33305004495a9","hash":"234eb5f14f5905af501afe01bf9623532f3a4219"}
,"/home/achmielewski/sites/select-plus-rent-ts/src/components/molecules/ContactBox/ContactBox.tsx": {"path":"/home/achmielewski/sites/select-plus-rent-ts/src/components/molecules/ContactBox/ContactBox.tsx","statementMap":{"0":{"start":{"line":8,"column":19},"end":{"line":19,"column":1}},"1":{"start":{"line":9,"column":2},"end":{"line":18,"column":4}}},"fnMap":{"0":{"name":"(anonymous_0)","decl":{"start":{"line":8,"column":19},"end":{"line":8,"column":20}},"loc":{"start":{"line":8,"column":51},"end":{"line":19,"column":1}},"line":8}},"branchMap":{},"s":{"0":2,"1":14},"f":{"0":14},"b":{},"_coverageSchema":"1a1c01bbd47fc00a2c39e90264f33305004495a9","hash":"4efc0b1e22417214f872cd31a83c34d024445aad"}
,"/home/achmielewski/sites/select-plus-rent-ts/src/components/molecules/HamburgerButton/HamburgerButton.style.ts": {"path":"/home/achmielewski/sites/select-plus-rent-ts/src/components/molecules/HamburgerButton/HamburgerButton.style.ts","statementMap":{"0":{"start":{"line":3,"column":25},"end":{"line":11,"column":1}},"1":{"start":{"line":9,"column":37},"end":{"line":9,"column":58}},"2":{"start":{"line":17,"column":22},"end":{"line":52,"column":1}},"3":{"start":{"line":31,"column":39},"end":{"line":31,"column":60}},"4":{"start":{"line":37,"column":45},"end":{"line":37,"column":65}},"5":{"start":{"line":43,"column":45},"end":{"line":43,"column":66}},"6":{"start":{"line":46,"column":19},"end":{"line":46,"column":34}},"7":{"start":{"line":49,"column":19},"end":{"line":49,"column":34}}},"fnMap":{"0":{"name":"(anonymous_0)","decl":{"start":{"line":9,"column":22},"end":{"line":9,"column":23}},"loc":{"start":{"line":9,"column":37},"end":{"line":9,"column":58}},"line":9},"1":{"name":"(anonymous_1)","decl":{"start":{"line":31,"column":24},"end":{"line":31,"column":25}},"loc":{"start":{"line":31,"column":39},"end":{"line":31,"column":60}},"line":31},"2":{"name":"(anonymous_2)","decl":{"start":{"line":37,"column":28},"end":{"line":37,"column":29}},"loc":{"start":{"line":37,"column":45},"end":{"line":37,"column":65}},"line":37},"3":{"name":"(anonymous_3)","decl":{"start":{"line":43,"column":28},"end":{"line":43,"column":29}},"loc":{"start":{"line":43,"column":45},"end":{"line":43,"column":66}},"line":43},"4":{"name":"(anonymous_4)","decl":{"start":{"line":46,"column":4},"end":{"line":46,"column":5}},"loc":{"start":{"line":46,"column":19},"end":{"line":46,"column":34}},"line":46},"5":{"name":"(anonymous_5)","decl":{"start":{"line":49,"column":4},"end":{"line":49,"column":5}},"loc":{"start":{"line":49,"column":19},"end":{"line":49,"column":34}},"line":49}},"branchMap":{"0":{"loc":{"start":{"line":37,"column":45},"end":{"line":37,"column":65}},"type":"cond-expr","locations":[{"start":{"line":37,"column":54},"end":{"line":37,"column":59}},{"start":{"line":37,"column":62},"end":{"line":37,"column":65}}],"line":37},"1":{"loc":{"start":{"line":43,"column":45},"end":{"line":43,"column":66}},"type":"cond-expr","locations":[{"start":{"line":43,"column":54},"end":{"line":43,"column":60}},{"start":{"line":43,"column":63},"end":{"line":43,"column":66}}],"line":43}},"s":{"0":2,"1":30,"2":2,"3":15,"4":15,"5":15,"6":15,"7":15},"f":{"0":30,"1":15,"2":15,"3":15,"4":15,"5":15},"b":{"0":[2,13],"1":[2,13]},"_coverageSchema":"1a1c01bbd47fc00a2c39e90264f33305004495a9","hash":"5740f14a833b483845a49b7bdfbfd8240ff1db75"}
,"/home/achmielewski/sites/select-plus-rent-ts/src/components/molecules/HamburgerButton/HamburgerButton.tsx": {"path":"/home/achmielewski/sites/select-plus-rent-ts/src/components/molecules/HamburgerButton/HamburgerButton.tsx","statementMap":{"0":{"start":{"line":9,"column":24},"end":{"line":16,"column":1}},"1":{"start":{"line":10,"column":2},"end":{"line":15,"column":4}}},"fnMap":{"0":{"name":"(anonymous_0)","decl":{"start":{"line":9,"column":24},"end":{"line":9,"column":25}},"loc":{"start":{"line":9,"column":75},"end":{"line":16,"column":1}},"line":9}},"branchMap":{"0":{"loc":{"start":{"line":12,"column":7},"end":{"line":12,"column":69}},"type":"cond-expr","locations":[{"start":{"line":12,"column":16},"end":{"line":12,"column":41}},{"start":{"line":12,"column":44},"end":{"line":12,"column":69}}],"line":12}},"s":{"0":2,"1":15},"f":{"0":15},"b":{"0":[2,13]},"_coverageSchema":"1a1c01bbd47fc00a2c39e90264f33305004495a9","hash":"e317a51b9378e23e55762cd34331382689a4a8b8"}
,"/home/achmielewski/sites/select-plus-rent-ts/src/components/molecules/Logo/Logo.style.ts": {"path":"/home/achmielewski/sites/select-plus-rent-ts/src/components/molecules/Logo/Logo.style.ts","statementMap":{"0":{"start":{"line":10,"column":27},"end":{"line":44,"column":1}},"1":{"start":{"line":30,"column":19},"end":{"line":30,"column":34}},"2":{"start":{"line":36,"column":19},"end":{"line":36,"column":34}},"3":{"start":{"line":40,"column":10},"end":{"line":40,"column":62}}},"fnMap":{"0":{"name":"(anonymous_0)","decl":{"start":{"line":30,"column":4},"end":{"line":30,"column":5}},"loc":{"start":{"line":30,"column":19},"end":{"line":30,"column":34}},"line":30},"1":{"name":"(anonymous_1)","decl":{"start":{"line":36,"column":4},"end":{"line":36,"column":5}},"loc":{"start":{"line":36,"column":19},"end":{"line":36,"column":34}},"line":36},"2":{"name":"(anonymous_2)","decl":{"start":{"line":39,"column":10},"end":{"line":39,"column":11}},"loc":{"start":{"line":40,"column":10},"end":{"line":40,"column":62}},"line":40}},"branchMap":{"0":{"loc":{"start":{"line":40,"column":10},"end":{"line":40,"column":62}},"type":"cond-expr","locations":[{"start":{"line":40,"column":55},"end":{"line":40,"column":58}},{"start":{"line":40,"column":61},"end":{"line":40,"column":62}}],"line":40},"1":{"loc":{"start":{"line":40,"column":10},"end":{"line":40,"column":52}},"type":"binary-expr","locations":[{"start":{"line":40,"column":10},"end":{"line":40,"column":20}},{"start":{"line":40,"column":24},"end":{"line":40,"column":52}}],"line":40}},"s":{"0":2,"1":14,"2":14,"3":14},"f":{"0":14,"1":14,"2":14},"b":{"0":[13,1],"1":[14,13]},"_coverageSchema":"1a1c01bbd47fc00a2c39e90264f33305004495a9","hash":"162ab0995f72892a345570437044ab3590043681"}
,"/home/achmielewski/sites/select-plus-rent-ts/src/components/molecules/Logo/Logo.tsx": {"path":"/home/achmielewski/sites/select-plus-rent-ts/src/components/molecules/Logo/Logo.tsx","statementMap":{"0":{"start":{"line":7,"column":14},"end":{"line":11,"column":10}},"1":{"start":{"line":18,"column":13},"end":{"line":41,"column":1}},"2":{"start":{"line":19,"column":53},"end":{"line":19,"column":70}},"3":{"start":{"line":21,"column":22},"end":{"line":25,"column":3}},"4":{"start":{"line":22,"column":4},"end":{"line":24,"column":5}},"5":{"start":{"line":23,"column":6},"end":{"line":23,"column":30}},"6":{"start":{"line":27,"column":2},"end":{"line":38,"column":6}},"7":{"start":{"line":28,"column":4},"end":{"line":38,"column":6}},"8":{"start":{"line":39,"column":2},"end":{"line":39,"column":52}},"9":{"start":{"line":39,"column":33},"end":{"line":39,"column":52}},"10":{"start":{"line":40,"column":2},"end":{"line":40,"column":15}}},"fnMap":{"0":{"name":"(anonymous_0)","decl":{"start":{"line":18,"column":13},"end":{"line":18,"column":14}},"loc":{"start":{"line":18,"column":53},"end":{"line":41,"column":1}},"line":18},"1":{"name":"(anonymous_1)","decl":{"start":{"line":21,"column":22},"end":{"line":21,"column":23}},"loc":{"start":{"line":21,"column":28},"end":{"line":25,"column":3}},"line":21}},"branchMap":{"0":{"loc":{"start":{"line":22,"column":4},"end":{"line":24,"column":5}},"type":"if","locations":[{"start":{"line":22,"column":4},"end":{"line":24,"column":5}},{"start":{},"end":{}}],"line":22},"1":{"loc":{"start":{"line":27,"column":2},"end":{"line":38,"column":6}},"type":"if","locations":[{"start":{"line":27,"column":2},"end":{"line":38,"column":6}},{"start":{},"end":{}}],"line":27},"2":{"loc":{"start":{"line":27,"column":6},"end":{"line":27,"column":72}},"type":"binary-expr","locations":[{"start":{"line":27,"column":6},"end":{"line":27,"column":36}},{"start":{"line":27,"column":40},"end":{"line":27,"column":72}}],"line":27},"3":{"loc":{"start":{"line":35,"column":9},"end":{"line":35,"column":95}},"type":"cond-expr","locations":[{"start":{"line":35,"column":42},"end":{"line":35,"column":67}},{"start":{"line":35,"column":70},"end":{"line":35,"column":95}}],"line":35},"4":{"loc":{"start":{"line":39,"column":2},"end":{"line":39,"column":52}},"type":"if","locations":[{"start":{"line":39,"column":2},"end":{"line":39,"column":52}},{"start":{},"end":{}}],"line":39}},"s":{"0":2,"1":2,"2":15,"3":15,"4":0,"5":0,"6":15,"7":14,"8":1,"9":1,"10":0},"f":{"0":15,"1":0},"b":{"0":[0,0],"1":[14,1],"2":[15,2],"3":[13,1],"4":[1,0]},"_coverageSchema":"1a1c01bbd47fc00a2c39e90264f33305004495a9","hash":"0e60883c742840091660929996f19f3017f04a45"}
,"/home/achmielewski/sites/select-plus-rent-ts/src/components/molecules/NavigationList/NavigationList.style.ts": {"path":"/home/achmielewski/sites/select-plus-rent-ts/src/components/molecules/NavigationList/NavigationList.style.ts","statementMap":{"0":{"start":{"line":12,"column":26},"end":{"line":63,"column":1}},"1":{"start":{"line":28,"column":19},"end":{"line":28,"column":34}},"2":{"start":{"line":40,"column":8},"end":{"line":40,"column":57}},"3":{"start":{"line":48,"column":19},"end":{"line":48,"column":34}},"4":{"start":{"line":60,"column":8},"end":{"line":60,"column":57}},"5":{"start":{"line":65,"column":23},"end":{"line":92,"column":1}},"6":{"start":{"line":67,"column":30},"end":{"line":67,"column":52}},"7":{"start":{"line":68,"column":32},"end":{"line":68,"column":53}},"8":{"start":{"line":69,"column":26},"end":{"line":69,"column":49}},"9":{"start":{"line":76,"column":19},"end":{"line":76,"column":34}},"10":{"start":{"line":78,"column":32},"end":{"line":78,"column":54}},"11":{"start":{"line":79,"column":34},"end":{"line":79,"column":58}},"12":{"start":{"line":84,"column":19},"end":{"line":84,"column":34}},"13":{"start":{"line":87,"column":6},"end":{"line":87,"column":83}},"14":{"start":{"line":88,"column":34},"end":{"line":88,"column":58}}},"fnMap":{"0":{"name":"(anonymous_0)","decl":{"start":{"line":28,"column":4},"end":{"line":28,"column":5}},"loc":{"start":{"line":28,"column":19},"end":{"line":28,"column":34}},"line":28},"1":{"name":"(anonymous_1)","decl":{"start":{"line":39,"column":26},"end":{"line":39,"column":27}},"loc":{"start":{"line":40,"column":8},"end":{"line":40,"column":57}},"line":40},"2":{"name":"(anonymous_2)","decl":{"start":{"line":48,"column":4},"end":{"line":48,"column":5}},"loc":{"start":{"line":48,"column":19},"end":{"line":48,"column":34}},"line":48},"3":{"name":"(anonymous_3)","decl":{"start":{"line":59,"column":26},"end":{"line":59,"column":27}},"loc":{"start":{"line":60,"column":8},"end":{"line":60,"column":57}},"line":60},"4":{"name":"(anonymous_4)","decl":{"start":{"line":67,"column":15},"end":{"line":67,"column":16}},"loc":{"start":{"line":67,"column":30},"end":{"line":67,"column":52}},"line":67},"5":{"name":"(anonymous_5)","decl":{"start":{"line":68,"column":17},"end":{"line":68,"column":18}},"loc":{"start":{"line":68,"column":32},"end":{"line":68,"column":53}},"line":68},"6":{"name":"(anonymous_6)","decl":{"start":{"line":69,"column":11},"end":{"line":69,"column":12}},"loc":{"start":{"line":69,"column":26},"end":{"line":69,"column":49}},"line":69},"7":{"name":"(anonymous_7)","decl":{"start":{"line":76,"column":4},"end":{"line":76,"column":5}},"loc":{"start":{"line":76,"column":19},"end":{"line":76,"column":34}},"line":76},"8":{"name":"(anonymous_8)","decl":{"start":{"line":78,"column":17},"end":{"line":78,"column":18}},"loc":{"start":{"line":78,"column":32},"end":{"line":78,"column":54}},"line":78},"9":{"name":"(anonymous_9)","decl":{"start":{"line":79,"column":19},"end":{"line":79,"column":20}},"loc":{"start":{"line":79,"column":34},"end":{"line":79,"column":58}},"line":79},"10":{"name":"(anonymous_10)","decl":{"start":{"line":84,"column":4},"end":{"line":84,"column":5}},"loc":{"start":{"line":84,"column":19},"end":{"line":84,"column":34}},"line":84},"11":{"name":"(anonymous_11)","decl":{"start":{"line":86,"column":17},"end":{"line":86,"column":18}},"loc":{"start":{"line":87,"column":6},"end":{"line":87,"column":83}},"line":87},"12":{"name":"(anonymous_12)","decl":{"start":{"line":88,"column":19},"end":{"line":88,"column":20}},"loc":{"start":{"line":88,"column":34},"end":{"line":88,"column":58}},"line":88}},"branchMap":{"0":{"loc":{"start":{"line":40,"column":8},"end":{"line":40,"column":57}},"type":"cond-expr","locations":[{"start":{"line":40,"column":21},"end":{"line":40,"column":41}},{"start":{"line":40,"column":44},"end":{"line":40,"column":57}}],"line":40},"1":{"loc":{"start":{"line":60,"column":8},"end":{"line":60,"column":57}},"type":"cond-expr","locations":[{"start":{"line":60,"column":21},"end":{"line":60,"column":41}},{"start":{"line":60,"column":44},"end":{"line":60,"column":57}}],"line":60},"2":{"loc":{"start":{"line":87,"column":6},"end":{"line":87,"column":83}},"type":"cond-expr","locations":[{"start":{"line":87,"column":36},"end":{"line":87,"column":58}},{"start":{"line":87,"column":61},"end":{"line":87,"column":83}}],"line":87}},"s":{"0":2,"1":21,"2":21,"3":21,"4":21,"5":2,"6":84,"7":84,"8":84,"9":84,"10":84,"11":84,"12":84,"13":84,"14":84},"f":{"0":21,"1":21,"2":21,"3":21,"4":84,"5":84,"6":84,"7":84,"8":84,"9":84,"10":84,"11":84,"12":84},"b":{"0":[0,21],"1":[0,21],"2":[32,52]},"_coverageSchema":"1a1c01bbd47fc00a2c39e90264f33305004495a9","hash":"b52948cbee1cf5974b6723e63eb32399712ebb22"}
,"/home/achmielewski/sites/select-plus-rent-ts/src/components/molecules/NavigationList/NavigationList.tsx": {"path":"/home/achmielewski/sites/select-plus-rent-ts/src/components/molecules/NavigationList/NavigationList.tsx","statementMap":{"0":{"start":{"line":6,"column":22},"end":{"line":11,"column":1}},"1":{"start":{"line":17,"column":23},"end":{"line":36,"column":1}},"2":{"start":{"line":18,"column":56},"end":{"line":18,"column":73}},"3":{"start":{"line":20,"column":22},"end":{"line":23,"column":3}},"4":{"start":{"line":21,"column":4},"end":{"line":21,"column":28}},"5":{"start":{"line":22,"column":4},"end":{"line":22,"column":25}},"6":{"start":{"line":25,"column":2},"end":{"line":35,"column":4}},"7":{"start":{"line":28,"column":8},"end":{"line":32,"column":13}}},"fnMap":{"0":{"name":"(anonymous_0)","decl":{"start":{"line":17,"column":23},"end":{"line":17,"column":24}},"loc":{"start":{"line":17,"column":67},"end":{"line":36,"column":1}},"line":17},"1":{"name":"(anonymous_1)","decl":{"start":{"line":20,"column":22},"end":{"line":20,"column":23}},"loc":{"start":{"line":20,"column":28},"end":{"line":23,"column":3}},"line":20},"2":{"name":"(anonymous_2)","decl":{"start":{"line":27,"column":18},"end":{"line":27,"column":19}},"loc":{"start":{"line":28,"column":8},"end":{"line":32,"column":13}},"line":28}},"branchMap":{},"s":{"0":2,"1":2,"2":21,"3":21,"4":0,"5":0,"6":21,"7":84},"f":{"0":21,"1":0,"2":84},"b":{},"_coverageSchema":"1a1c01bbd47fc00a2c39e90264f33305004495a9","hash":"23a4cccf6fa6f1be3f71a6fa5ee2f28193202fb0"}
,"/home/achmielewski/sites/select-plus-rent-ts/src/components/molecules/Socials/Socials.style.ts": {"path":"/home/achmielewski/sites/select-plus-rent-ts/src/components/molecules/Socials/Socials.style.ts","statementMap":{"0":{"start":{"line":3,"column":23},"end":{"line":37,"column":1}},"1":{"start":{"line":8,"column":49},"end":{"line":8,"column":55}},"2":{"start":{"line":10,"column":19},"end":{"line":10,"column":34}},"3":{"start":{"line":15,"column":19},"end":{"line":15,"column":34}}},"fnMap":{"0":{"name":"(anonymous_0)","decl":{"start":{"line":8,"column":12},"end":{"line":8,"column":13}},"loc":{"start":{"line":8,"column":49},"end":{"line":8,"column":55}},"line":8},"1":{"name":"(anonymous_1)","decl":{"start":{"line":10,"column":4},"end":{"line":10,"column":5}},"loc":{"start":{"line":10,"column":19},"end":{"line":10,"column":34}},"line":10},"2":{"name":"(anonymous_2)","decl":{"start":{"line":15,"column":4},"end":{"line":15,"column":5}},"loc":{"start":{"line":15,"column":19},"end":{"line":15,"column":34}},"line":15}},"branchMap":{},"s":{"0":1,"1":20,"2":20,"3":20},"f":{"0":20,"1":20,"2":20},"b":{},"_coverageSchema":"1a1c01bbd47fc00a2c39e90264f33305004495a9","hash":"022e3b5015914c1fc637ed7f10a28d539aa9cf8c"}
,"/home/achmielewski/sites/select-plus-rent-ts/src/components/molecules/Socials/Socials.tsx": {"path":"/home/achmielewski/sites/select-plus-rent-ts/src/components/molecules/Socials/Socials.tsx","statementMap":{"0":{"start":{"line":10,"column":16},"end":{"line":23,"column":1}},"1":{"start":{"line":11,"column":2},"end":{"line":22,"column":4}}},"fnMap":{"0":{"name":"(anonymous_0)","decl":{"start":{"line":10,"column":16},"end":{"line":10,"column":17}},"loc":{"start":{"line":10,"column":57},"end":{"line":23,"column":1}},"line":10}},"branchMap":{"0":{"loc":{"start":{"line":10,"column":19},"end":{"line":10,"column":40}},"type":"default-arg","locations":[{"start":{"line":10,"column":28},"end":{"line":10,"column":40}}],"line":10}},"s":{"0":1,"1":20},"f":{"0":20},"b":{"0":[12]},"_coverageSchema":"1a1c01bbd47fc00a2c39e90264f33305004495a9","hash":"bb72923f0cd59bdbd639a2e57cabc7e00a562df3"}
,"/home/achmielewski/sites/select-plus-rent-ts/src/components/organisms/HamburgerMenu/HamburgerMenu.style.tsx": {"path":"/home/achmielewski/sites/select-plus-rent-ts/src/components/organisms/HamburgerMenu/HamburgerMenu.style.tsx","statementMap":{"0":{"start":{"line":8,"column":23},"end":{"line":30,"column":1}},"1":{"start":{"line":15,"column":28},"end":{"line":15,"column":54}},"2":{"start":{"line":17,"column":28},"end":{"line":17,"column":34}},"3":{"start":{"line":19,"column":37},"end":{"line":19,"column":61}},"4":{"start":{"line":20,"column":46},"end":{"line":20,"column":70}},"5":{"start":{"line":23,"column":19},"end":{"line":23,"column":34}},"6":{"start":{"line":27,"column":19},"end":{"line":27,"column":34}}},"fnMap":{"0":{"name":"(anonymous_0)","decl":{"start":{"line":15,"column":13},"end":{"line":15,"column":14}},"loc":{"start":{"line":15,"column":28},"end":{"line":15,"column":54}},"line":15},"1":{"name":"(anonymous_1)","decl":{"start":{"line":17,"column":12},"end":{"line":17,"column":13}},"loc":{"start":{"line":17,"column":28},"end":{"line":17,"column":34}},"line":17},"2":{"name":"(anonymous_2)","decl":{"start":{"line":19,"column":22},"end":{"line":19,"column":23}},"loc":{"start":{"line":19,"column":37},"end":{"line":19,"column":61}},"line":19},"3":{"name":"(anonymous_3)","decl":{"start":{"line":20,"column":26},"end":{"line":20,"column":27}},"loc":{"start":{"line":20,"column":46},"end":{"line":20,"column":70}},"line":20},"4":{"name":"(anonymous_4)","decl":{"start":{"line":23,"column":4},"end":{"line":23,"column":5}},"loc":{"start":{"line":23,"column":19},"end":{"line":23,"column":34}},"line":23},"5":{"name":"(anonymous_5)","decl":{"start":{"line":27,"column":4},"end":{"line":27,"column":5}},"loc":{"start":{"line":27,"column":19},"end":{"line":27,"column":34}},"line":27}},"branchMap":{"0":{"loc":{"start":{"line":20,"column":46},"end":{"line":20,"column":70}},"type":"cond-expr","locations":[{"start":{"line":20,"column":58},"end":{"line":20,"column":61}},{"start":{"line":20,"column":64},"end":{"line":20,"column":70}}],"line":20}},"s":{"0":1,"1":12,"2":12,"3":12,"4":12,"5":12,"6":12},"f":{"0":12,"1":12,"2":12,"3":12,"4":12,"5":12},"b":{"0":[1,11]},"_coverageSchema":"1a1c01bbd47fc00a2c39e90264f33305004495a9","hash":"528efbf3443460269c426dc0e266c8a5aa84bc9d"}
,"/home/achmielewski/sites/select-plus-rent-ts/src/components/organisms/HamburgerMenu/HamburgerMenu.tsx": {"path":"/home/achmielewski/sites/select-plus-rent-ts/src/components/organisms/HamburgerMenu/HamburgerMenu.tsx","statementMap":{"0":{"start":{"line":12,"column":22},"end":{"line":22,"column":1}},"1":{"start":{"line":13,"column":21},"end":{"line":13,"column":36}},"2":{"start":{"line":15,"column":2},"end":{"line":21,"column":4}}},"fnMap":{"0":{"name":"(anonymous_0)","decl":{"start":{"line":12,"column":22},"end":{"line":12,"column":23}},"loc":{"start":{"line":12,"column":57},"end":{"line":22,"column":1}},"line":12}},"branchMap":{},"s":{"0":1,"1":12,"2":12},"f":{"0":12},"b":{},"_coverageSchema":"1a1c01bbd47fc00a2c39e90264f33305004495a9","hash":"2e14744756bf4f8f53b537efc5817c3501344d34"}
,"/home/achmielewski/sites/select-plus-rent-ts/src/components/organisms/NavBar/NavBar.style.ts": {"path":"/home/achmielewski/sites/select-plus-rent-ts/src/components/organisms/NavBar/NavBar.style.ts","statementMap":{"0":{"start":{"line":10,"column":29},"end":{"line":50,"column":1}},"1":{"start":{"line":14,"column":28},"end":{"line":14,"column":47}},"2":{"start":{"line":21,"column":37},"end":{"line":21,"column":61}},"3":{"start":{"line":22,"column":45},"end":{"line":22,"column":69}},"4":{"start":{"line":23,"column":37},"end":{"line":23,"column":90}},"5":{"start":{"line":26,"column":19},"end":{"line":26,"column":34}},"6":{"start":{"line":33,"column":6},"end":{"line":33,"column":66}},"7":{"start":{"line":35,"column":6},"end":{"line":35,"column":82}},"8":{"start":{"line":38,"column":19},"end":{"line":38,"column":34}},"9":{"start":{"line":41,"column":6},"end":{"line":41,"column":71}},"10":{"start":{"line":43,"column":42},"end":{"line":43,"column":90}},"11":{"start":{"line":44,"column":43},"end":{"line":44,"column":93}},"12":{"start":{"line":46,"column":6},"end":{"line":46,"column":76}},"13":{"start":{"line":48,"column":6},"end":{"line":48,"column":92}}},"fnMap":{"0":{"name":"(anonymous_0)","decl":{"start":{"line":14,"column":13},"end":{"line":14,"column":14}},"loc":{"start":{"line":14,"column":28},"end":{"line":14,"column":47}},"line":14},"1":{"name":"(anonymous_1)","decl":{"start":{"line":21,"column":22},"end":{"line":21,"column":23}},"loc":{"start":{"line":21,"column":37},"end":{"line":21,"column":61}},"line":21},"2":{"name":"(anonymous_2)","decl":{"start":{"line":22,"column":26},"end":{"line":22,"column":27}},"loc":{"start":{"line":22,"column":45},"end":{"line":22,"column":69}},"line":22},"3":{"name":"(anonymous_3)","decl":{"start":{"line":23,"column":16},"end":{"line":23,"column":17}},"loc":{"start":{"line":23,"column":37},"end":{"line":23,"column":90}},"line":23},"4":{"name":"(anonymous_4)","decl":{"start":{"line":26,"column":4},"end":{"line":26,"column":5}},"loc":{"start":{"line":26,"column":19},"end":{"line":26,"column":34}},"line":26},"5":{"name":"(anonymous_5)","decl":{"start":{"line":32,"column":24},"end":{"line":32,"column":25}},"loc":{"start":{"line":33,"column":6},"end":{"line":33,"column":66}},"line":33},"6":{"name":"(anonymous_6)","decl":{"start":{"line":34,"column":18},"end":{"line":34,"column":19}},"loc":{"start":{"line":35,"column":6},"end":{"line":35,"column":82}},"line":35},"7":{"name":"(anonymous_7)","decl":{"start":{"line":38,"column":4},"end":{"line":38,"column":5}},"loc":{"start":{"line":38,"column":19},"end":{"line":38,"column":34}},"line":38},"8":{"name":"(anonymous_8)","decl":{"start":{"line":40,"column":29},"end":{"line":40,"column":30}},"loc":{"start":{"line":41,"column":6},"end":{"line":41,"column":71}},"line":41},"9":{"name":"(anonymous_9)","decl":{"start":{"line":43,"column":14},"end":{"line":43,"column":15}},"loc":{"start":{"line":43,"column":42},"end":{"line":43,"column":90}},"line":43},"10":{"name":"(anonymous_10)","decl":{"start":{"line":44,"column":15},"end":{"line":44,"column":16}},"loc":{"start":{"line":44,"column":43},"end":{"line":44,"column":93}},"line":44},"11":{"name":"(anonymous_11)","decl":{"start":{"line":45,"column":24},"end":{"line":45,"column":25}},"loc":{"start":{"line":46,"column":6},"end":{"line":46,"column":76}},"line":46},"12":{"name":"(anonymous_12)","decl":{"start":{"line":47,"column":18},"end":{"line":47,"column":19}},"loc":{"start":{"line":48,"column":6},"end":{"line":48,"column":92}},"line":48}},"branchMap":{"0":{"loc":{"start":{"line":22,"column":45},"end":{"line":22,"column":69}},"type":"cond-expr","locations":[{"start":{"line":22,"column":56},"end":{"line":22,"column":63}},{"start":{"line":22,"column":66},"end":{"line":22,"column":69}}],"line":22},"1":{"loc":{"start":{"line":23,"column":37},"end":{"line":23,"column":90}},"type":"cond-expr","locations":[{"start":{"line":23,"column":50},"end":{"line":23,"column":81}},{"start":{"line":23,"column":84},"end":{"line":23,"column":90}}],"line":23},"2":{"loc":{"start":{"line":33,"column":6},"end":{"line":33,"column":66}},"type":"cond-expr","locations":[{"start":{"line":33,"column":26},"end":{"line":33,"column":39}},{"start":{"line":33,"column":42},"end":{"line":33,"column":66}}],"line":33},"3":{"loc":{"start":{"line":35,"column":6},"end":{"line":35,"column":82}},"type":"cond-expr","locations":[{"start":{"line":35,"column":42},"end":{"line":35,"column":73}},{"start":{"line":35,"column":76},"end":{"line":35,"column":82}}],"line":35},"4":{"loc":{"start":{"line":35,"column":6},"end":{"line":35,"column":39}},"type":"binary-expr","locations":[{"start":{"line":35,"column":6},"end":{"line":35,"column":25}},{"start":{"line":35,"column":29},"end":{"line":35,"column":39}}],"line":35},"5":{"loc":{"start":{"line":41,"column":6},"end":{"line":41,"column":71}},"type":"cond-expr","locations":[{"start":{"line":41,"column":36},"end":{"line":41,"column":52}},{"start":{"line":41,"column":55},"end":{"line":41,"column":71}}],"line":41},"6":{"loc":{"start":{"line":43,"column":42},"end":{"line":43,"column":90}},"type":"cond-expr","locations":[{"start":{"line":43,"column":72},"end":{"line":43,"column":79}},{"start":{"line":43,"column":82},"end":{"line":43,"column":90}}],"line":43},"7":{"loc":{"start":{"line":44,"column":43},"end":{"line":44,"column":93}},"type":"cond-expr","locations":[{"start":{"line":44,"column":73},"end":{"line":44,"column":82}},{"start":{"line":44,"column":85},"end":{"line":44,"column":93}}],"line":44},"8":{"loc":{"start":{"line":46,"column":6},"end":{"line":46,"column":76}},"type":"cond-expr","locations":[{"start":{"line":46,"column":36},"end":{"line":46,"column":49}},{"start":{"line":46,"column":52},"end":{"line":46,"column":76}}],"line":46},"9":{"loc":{"start":{"line":48,"column":6},"end":{"line":48,"column":92}},"type":"cond-expr","locations":[{"start":{"line":48,"column":52},"end":{"line":48,"column":83}},{"start":{"line":48,"column":86},"end":{"line":48,"column":92}}],"line":48},"10":{"loc":{"start":{"line":48,"column":6},"end":{"line":48,"column":49}},"type":"binary-expr","locations":[{"start":{"line":48,"column":6},"end":{"line":48,"column":35}},{"start":{"line":48,"column":39},"end":{"line":48,"column":49}}],"line":48}},"s":{"0":1,"1":12,"2":12,"3":12,"4":12,"5":12,"6":12,"7":12,"8":12,"9":12,"10":12,"11":12,"12":12,"13":12},"f":{"0":12,"1":12,"2":12,"3":12,"4":12,"5":12,"6":12,"7":12,"8":12,"9":12,"10":12,"11":12,"12":12},"b":{"0":[0,12],"1":[11,1],"2":[12,0],"3":[0,12],"4":[12,0],"5":[12,0],"6":[12,0],"7":[12,0],"8":[12,0],"9":[0,12],"10":[12,0]},"_coverageSchema":"1a1c01bbd47fc00a2c39e90264f33305004495a9","hash":"b4eecea8ee0a0db7e344386d44998e98c9bd840f"}
,"/home/achmielewski/sites/select-plus-rent-ts/src/components/organisms/NavBar/NavBar.tsx": {"path":"/home/achmielewski/sites/select-plus-rent-ts/src/components/organisms/NavBar/NavBar.tsx","statementMap":{"0":{"start":{"line":10,"column":15},"end":{"line":33,"column":1}},"1":{"start":{"line":12,"column":4},"end":{"line":12,"column":21}},"2":{"start":{"line":14,"column":2},"end":{"line":32,"column":4}}},"fnMap":{"0":{"name":"(anonymous_0)","decl":{"start":{"line":10,"column":15},"end":{"line":10,"column":16}},"loc":{"start":{"line":10,"column":21},"end":{"line":33,"column":1}},"line":10}},"branchMap":{"0":{"loc":{"start":{"line":22,"column":9},"end":{"line":27,"column":16}},"type":"cond-expr","locations":[{"start":{"line":23,"column":10},"end":{"line":26,"column":13}},{"start":{"line":27,"column":12},"end":{"line":27,"column":16}}],"line":22}},"s":{"0":1,"1":12,"2":12},"f":{"0":12},"b":{"0":[8,4]},"_coverageSchema":"1a1c01bbd47fc00a2c39e90264f33305004495a9","hash":"f0a37aa3a0cb12fcb1a14bd4312767c37449cbe5"}
,"/home/achmielewski/sites/select-plus-rent-ts/src/components/templates/MainTemplate/MainTemplate.tsx": {"path":"/home/achmielewski/sites/select-plus-rent-ts/src/components/templates/MainTemplate/MainTemplate.tsx","statementMap":{"0":{"start":{"line":11,"column":21},"end":{"line":20,"column":1}},"1":{"start":{"line":12,"column":2},"end":{"line":19,"column":4}}},"fnMap":{"0":{"name":"(anonymous_0)","decl":{"start":{"line":11,"column":21},"end":{"line":11,"column":22}},"loc":{"start":{"line":11,"column":53},"end":{"line":20,"column":1}},"line":11}},"branchMap":{},"s":{"0":11,"1":31},"f":{"0":31},"b":{},"_coverageSchema":"1a1c01bbd47fc00a2c39e90264f33305004495a9","hash":"0f3e8228f5ea632b9ad873de4a92f667aa398787"}
,"/home/achmielewski/sites/select-plus-rent-ts/src/helpers/testing.tsx": {"path":"/home/achmielewski/sites/select-plus-rent-ts/src/helpers/testing.tsx","statementMap":{"0":{"start":{"line":5,"column":22},"end":{"line":13,"column":1}},"1":{"start":{"line":6,"column":2},"end":{"line":8,"column":3}},"2":{"start":{"line":7,"column":4},"end":{"line":7,"column":42}},"3":{"start":{"line":9,"column":2},"end":{"line":11,"column":3}},"4":{"start":{"line":10,"column":4},"end":{"line":10,"column":43}},"5":{"start":{"line":12,"column":2},"end":{"line":12,"column":44}},"6":{"start":{"line":15,"column":29},"end":{"line":27,"column":1}},"7":{"start":{"line":16,"column":2},"end":{"line":20,"column":3}},"8":{"start":{"line":17,"column":4},"end":{"line":19,"column":7}},"9":{"start":{"line":18,"column":6},"end":{"line":18,"column":36}},"10":{"start":{"line":22,"column":2},"end":{"line":26,"column":3}},"11":{"start":{"line":23,"column":4},"end":{"line":25,"column":7}},"12":{"start":{"line":24,"column":6},"end":{"line":24,"column":37}},"13":{"start":{"line":29,"column":37},"end":{"line":51,"column":1}},"14":{"start":{"line":31,"column":4},"end":{"line":31,"column":21}},"15":{"start":{"line":32,"column":2},"end":{"line":49,"column":3}},"16":{"start":{"line":34,"column":6},"end":{"line":34,"column":52}},"17":{"start":{"line":36,"column":6},"end":{"line":41,"column":8}},"18":{"start":{"line":43,"column":6},"end":{"line":48,"column":8}},"19":{"start":{"line":50,"column":2},"end":{"line":50,"column":15}}},"fnMap":{"0":{"name":"(anonymous_0)","decl":{"start":{"line":5,"column":22},"end":{"line":5,"column":23}},"loc":{"start":{"line":5,"column":72},"end":{"line":13,"column":1}},"line":5},"1":{"name":"(anonymous_1)","decl":{"start":{"line":15,"column":29},"end":{"line":15,"column":30}},"loc":{"start":{"line":15,"column":79},"end":{"line":27,"column":1}},"line":15},"2":{"name":"(anonymous_2)","decl":{"start":{"line":17,"column":8},"end":{"line":17,"column":9}},"loc":{"start":{"line":17,"column":14},"end":{"line":19,"column":5}},"line":17},"3":{"name":"(anonymous_3)","decl":{"start":{"line":23,"column":8},"end":{"line":23,"column":9}},"loc":{"start":{"line":23,"column":14},"end":{"line":25,"column":5}},"line":23},"4":{"name":"(anonymous_4)","decl":{"start":{"line":29,"column":37},"end":{"line":29,"column":38}},"loc":{"start":{"line":29,"column":73},"end":{"line":51,"column":1}},"line":29}},"branchMap":{"0":{"loc":{"start":{"line":6,"column":2},"end":{"line":8,"column":3}},"type":"if","locations":[{"start":{"line":6,"column":2},"end":{"line":8,"column":3}},{"start":{},"end":{}}],"line":6},"1":{"loc":{"start":{"line":9,"column":2},"end":{"line":11,"column":3}},"type":"if","locations":[{"start":{"line":9,"column":2},"end":{"line":11,"column":3}},{"start":{},"end":{}}],"line":9},"2":{"loc":{"start":{"line":16,"column":2},"end":{"line":20,"column":3}},"type":"if","locations":[{"start":{"line":16,"column":2},"end":{"line":20,"column":3}},{"start":{},"end":{}}],"line":16},"3":{"loc":{"start":{"line":22,"column":2},"end":{"line":26,"column":3}},"type":"if","locations":[{"start":{"line":22,"column":2},"end":{"line":26,"column":3}},{"start":{},"end":{}}],"line":22},"4":{"loc":{"start":{"line":32,"column":2},"end":{"line":49,"column":3}},"type":"switch","locations":[{"start":{"line":33,"column":4},"end":{"line":34,"column":52}},{"start":{"line":35,"column":4},"end":{"line":41,"column":8}},{"start":{"line":42,"column":4},"end":{"line":48,"column":8}}],"line":32}},"s":{"0":3,"1":10,"2":8,"3":10,"4":2,"5":10,"6":3,"7":10,"8":8,"9":8,"10":10,"11":2,"12":2,"13":3,"14":16,"15":16,"16":5,"17":8,"18":3,"19":0},"f":{"0":10,"1":10,"2":8,"3":2,"4":16},"b":{"0":[8,2],"1":[2,8],"2":[8,2],"3":[2,8],"4":[5,8,3]},"_coverageSchema":"1a1c01bbd47fc00a2c39e90264f33305004495a9","hash":"f52e44d2396104d6b39912302e00ed1da7480eb8"}
,"/home/achmielewski/sites/select-plus-rent-ts/src/hooks/useWindowSize.ts": {"path":"/home/achmielewski/sites/select-plus-rent-ts/src/hooks/useWindowSize.ts","statementMap":{"0":{"start":{"line":8,"column":29},"end":{"line":26,"column":1}},"1":{"start":{"line":9,"column":38},"end":{"line":12,"column":4}},"2":{"start":{"line":13,"column":2},"end":{"line":24,"column":9}},"3":{"start":{"line":14,"column":25},"end":{"line":19,"column":5}},"4":{"start":{"line":15,"column":6},"end":{"line":18,"column":9}},"5":{"start":{"line":21,"column":4},"end":{"line":21,"column":52}},"6":{"start":{"line":22,"column":4},"end":{"line":22,"column":19}},"7":{"start":{"line":23,"column":4},"end":{"line":23,"column":68}},"8":{"start":{"line":23,"column":17},"end":{"line":23,"column":67}},"9":{"start":{"line":25,"column":2},"end":{"line":25,"column":28}}},"fnMap":{"0":{"name":"(anonymous_0)","decl":{"start":{"line":8,"column":29},"end":{"line":8,"column":30}},"loc":{"start":{"line":8,"column":41},"end":{"line":26,"column":1}},"line":8},"1":{"name":"(anonymous_1)","decl":{"start":{"line":13,"column":12},"end":{"line":13,"column":13}},"loc":{"start":{"line":13,"column":18},"end":{"line":24,"column":3}},"line":13},"2":{"name":"(anonymous_2)","decl":{"start":{"line":14,"column":25},"end":{"line":14,"column":26}},"loc":{"start":{"line":14,"column":31},"end":{"line":19,"column":5}},"line":14},"3":{"name":"(anonymous_3)","decl":{"start":{"line":23,"column":11},"end":{"line":23,"column":12}},"loc":{"start":{"line":23,"column":17},"end":{"line":23,"column":67}},"line":23}},"branchMap":{},"s":{"0":5,"1":52,"2":52,"3":12,"4":24,"5":12,"6":12,"7":12,"8":12,"9":52},"f":{"0":52,"1":12,"2":24,"3":12},"b":{},"_coverageSchema":"1a1c01bbd47fc00a2c39e90264f33305004495a9","hash":"d74c30ea60890f951e0464aa41c869470ecae103"}
,"/home/achmielewski/sites/select-plus-rent-ts/src/mocks/graphqlMocks.ts": {"path":"/home/achmielewski/sites/select-plus-rent-ts/src/mocks/graphqlMocks.ts","statementMap":{"0":{"start":{"line":4,"column":46},"end":{"line":9,"column":1}},"1":{"start":{"line":11,"column":54},"end":{"line":14,"column":1}},"2":{"start":{"line":16,"column":42},"end":{"line":31,"column":1}},"3":{"start":{"line":33,"column":38},"end":{"line":52,"column":1}}},"fnMap":{},"branchMap":{},"s":{"0":1,"1":1,"2":1,"3":1},"f":{},"b":{},"_coverageSchema":"1a1c01bbd47fc00a2c39e90264f33305004495a9","hash":"796ef1e0370718fe1ec6f9adfdbad2cddb24ae83"}
,"/home/achmielewski/sites/select-plus-rent-ts/src/providers/IndexContextProvider.tsx": {"path":"/home/achmielewski/sites/select-plus-rent-ts/src/providers/IndexContextProvider.tsx","statementMap":{"0":{"start":{"line":23,"column":28},"end":{"line":34,"column":2}},"1":{"start":{"line":36,"column":31},"end":{"line":38,"column":1}},"2":{"start":{"line":37,"column":2},"end":{"line":37,"column":54}},"3":{"start":{"line":40,"column":29},"end":{"line":218,"column":1}},"4":{"start":{"line":41,"column":59},"end":{"line":41,"column":74}},"5":{"start":{"line":42,"column":34},"end":{"line":42,"column":49}},"6":{"start":{"line":43,"column":42},"end":{"line":43,"column":57}},"7":{"start":{"line":44,"column":38},"end":{"line":44,"column":53}},"8":{"start":{"line":45,"column":38},"end":{"line":45,"column":53}},"9":{"start":{"line":46,"column":52},"end":{"line":46,"column":90}},"10":{"start":{"line":47,"column":38},"end":{"line":47,"column":53}},"11":{"start":{"line":48,"column":40},"end":{"line":48,"column":51}},"12":{"start":{"line":49,"column":30},"end":{"line":49,"column":41}},"13":{"start":{"line":50,"column":38},"end":{"line":50,"column":49}},"14":{"start":{"line":51,"column":40},"end":{"line":51,"column":44}},"15":{"start":{"line":54,"column":32},"end":{"line":58,"column":3}},"16":{"start":{"line":55,"column":4},"end":{"line":57,"column":5}},"17":{"start":{"line":56,"column":6},"end":{"line":56,"column":37}},"18":{"start":{"line":60,"column":29},"end":{"line":62,"column":3}},"19":{"start":{"line":61,"column":4},"end":{"line":61,"column":23}},"20":{"start":{"line":64,"column":35},"end":{"line":79,"column":3}},"21":{"start":{"line":66,"column":6},"end":{"line":76,"column":7}},"22":{"start":{"line":67,"column":8},"end":{"line":67,"column":40}},"23":{"start":{"line":68,"column":8},"end":{"line":75,"column":15}},"24":{"start":{"line":69,"column":10},"end":{"line":73,"column":11}},"25":{"start":{"line":70,"column":12},"end":{"line":70,"column":32}},"26":{"start":{"line":72,"column":12},"end":{"line":72,"column":31}},"27":{"start":{"line":74,"column":10},"end":{"line":74,"column":30}},"28":{"start":{"line":81,"column":26},"end":{"line":87,"column":3}},"29":{"start":{"line":83,"column":21},"end":{"line":83,"column":76}},"30":{"start":{"line":84,"column":6},"end":{"line":84,"column":55}},"31":{"start":{"line":84,"column":34},"end":{"line":84,"column":55}},"32":{"start":{"line":89,"column":37},"end":{"line":111,"column":3}},"33":{"start":{"line":91,"column":6},"end":{"line":105,"column":7}},"34":{"start":{"line":92,"column":8},"end":{"line":104,"column":9}},"35":{"start":{"line":93,"column":10},"end":{"line":97,"column":11}},"36":{"start":{"line":94,"column":12},"end":{"line":96,"column":13}},"37":{"start":{"line":95,"column":14},"end":{"line":95,"column":42}},"38":{"start":{"line":98,"column":15},"end":{"line":104,"column":9}},"39":{"start":{"line":99,"column":10},"end":{"line":103,"column":11}},"40":{"start":{"line":100,"column":12},"end":{"line":102,"column":13}},"41":{"start":{"line":101,"column":14},"end":{"line":101,"column":44}},"42":{"start":{"line":106,"column":6},"end":{"line":108,"column":7}},"43":{"start":{"line":107,"column":8},"end":{"line":107,"column":36}},"44":{"start":{"line":113,"column":27},"end":{"line":124,"column":3}},"45":{"start":{"line":115,"column":6},"end":{"line":121,"column":7}},"46":{"start":{"line":116,"column":8},"end":{"line":118,"column":9}},"47":{"start":{"line":117,"column":10},"end":{"line":117,"column":31}},"48":{"start":{"line":119,"column":13},"end":{"line":121,"column":7}},"49":{"start":{"line":120,"column":8},"end":{"line":120,"column":28}},"50":{"start":{"line":126,"column":31},"end":{"line":133,"column":3}},"51":{"start":{"line":128,"column":6},"end":{"line":130,"column":7}},"52":{"start":{"line":129,"column":8},"end":{"line":129,"column":43}},"53":{"start":{"line":135,"column":37},"end":{"line":159,"column":3}},"54":{"start":{"line":137,"column":6},"end":{"line":139,"column":7}},"55":{"start":{"line":138,"column":8},"end":{"line":138,"column":49}},"56":{"start":{"line":140,"column":6},"end":{"line":156,"column":7}},"57":{"start":{"line":141,"column":27},"end":{"line":141,"column":89}},"58":{"start":{"line":143,"column":8},"end":{"line":155,"column":9}},"59":{"start":{"line":144,"column":10},"end":{"line":148,"column":11}},"60":{"start":{"line":145,"column":12},"end":{"line":147,"column":13}},"61":{"start":{"line":146,"column":14},"end":{"line":146,"column":31}},"62":{"start":{"line":149,"column":15},"end":{"line":155,"column":9}},"63":{"start":{"line":150,"column":10},"end":{"line":154,"column":11}},"64":{"start":{"line":151,"column":12},"end":{"line":153,"column":13}},"65":{"start":{"line":152,"column":14},"end":{"line":152,"column":31}},"66":{"start":{"line":161,"column":2},"end":{"line":178,"column":4}},"67":{"start":{"line":163,"column":6},"end":{"line":163,"column":44}},"68":{"start":{"line":164,"column":6},"end":{"line":164,"column":42}},"69":{"start":{"line":165,"column":6},"end":{"line":165,"column":34}},"70":{"start":{"line":166,"column":6},"end":{"line":166,"column":55}},"71":{"start":{"line":167,"column":6},"end":{"line":167,"column":38}},"72":{"start":{"line":168,"column":6},"end":{"line":168,"column":55}},"73":{"start":{"line":180,"column":2},"end":{"line":193,"column":34}},"74":{"start":{"line":182,"column":4},"end":{"line":192,"column":5}},"75":{"start":{"line":183,"column":19},"end":{"line":183,"column":49}},"76":{"start":{"line":184,"column":6},"end":{"line":187,"column":7}},"77":{"start":{"line":185,"column":8},"end":{"line":185,"column":39}},"78":{"start":{"line":186,"column":8},"end":{"line":186,"column":43}},"79":{"start":{"line":188,"column":6},"end":{"line":191,"column":7}},"80":{"start":{"line":189,"column":8},"end":{"line":189,"column":40}},"81":{"start":{"line":190,"column":8},"end":{"line":190,"column":45}},"82":{"start":{"line":195,"column":2},"end":{"line":202,"column":32}},"83":{"start":{"line":196,"column":4},"end":{"line":198,"column":5}},"84":{"start":{"line":197,"column":6},"end":{"line":197,"column":25}},"85":{"start":{"line":199,"column":4},"end":{"line":201,"column":5}},"86":{"start":{"line":200,"column":6},"end":{"line":200,"column":24}},"87":{"start":{"line":204,"column":17},"end":{"line":215,"column":3}},"88":{"start":{"line":217,"column":2},"end":{"line":217,"column":82}}},"fnMap":{"0":{"name":"(anonymous_0)","decl":{"start":{"line":32,"column":22},"end":{"line":32,"column":23}},"loc":{"start":{"line":32,"column":28},"end":{"line":32,"column":30}},"line":32},"1":{"name":"(anonymous_1)","decl":{"start":{"line":33,"column":25},"end":{"line":33,"column":26}},"loc":{"start":{"line":33,"column":31},"end":{"line":33,"column":33}},"line":33},"2":{"name":"(anonymous_2)","decl":{"start":{"line":36,"column":31},"end":{"line":36,"column":32}},"loc":{"start":{"line":36,"column":55},"end":{"line":38,"column":1}},"line":36},"3":{"name":"(anonymous_3)","decl":{"start":{"line":40,"column":29},"end":{"line":40,"column":30}},"loc":{"start":{"line":40,"column":70},"end":{"line":218,"column":1}},"line":40},"4":{"name":"(anonymous_4)","decl":{"start":{"line":54,"column":32},"end":{"line":54,"column":33}},"loc":{"start":{"line":54,"column":38},"end":{"line":58,"column":3}},"line":54},"5":{"name":"(anonymous_5)","decl":{"start":{"line":60,"column":29},"end":{"line":60,"column":30}},"loc":{"start":{"line":60,"column":35},"end":{"line":62,"column":3}},"line":60},"6":{"name":"(anonymous_6)","decl":{"start":{"line":65,"column":4},"end":{"line":65,"column":5}},"loc":{"start":{"line":65,"column":25},"end":{"line":77,"column":5}},"line":65},"7":{"name":"(anonymous_7)","decl":{"start":{"line":68,"column":39},"end":{"line":68,"column":40}},"loc":{"start":{"line":68,"column":45},"end":{"line":75,"column":9}},"line":68},"8":{"name":"(anonymous_8)","decl":{"start":{"line":82,"column":4},"end":{"line":82,"column":5}},"loc":{"start":{"line":82,"column":42},"end":{"line":85,"column":5}},"line":82},"9":{"name":"(anonymous_9)","decl":{"start":{"line":90,"column":4},"end":{"line":90,"column":5}},"loc":{"start":{"line":90,"column":42},"end":{"line":109,"column":5}},"line":90},"10":{"name":"(anonymous_10)","decl":{"start":{"line":114,"column":4},"end":{"line":114,"column":5}},"loc":{"start":{"line":114,"column":25},"end":{"line":122,"column":5}},"line":114},"11":{"name":"(anonymous_11)","decl":{"start":{"line":127,"column":4},"end":{"line":127,"column":5}},"loc":{"start":{"line":127,"column":25},"end":{"line":131,"column":5}},"line":127},"12":{"name":"(anonymous_12)","decl":{"start":{"line":136,"column":4},"end":{"line":136,"column":5}},"loc":{"start":{"line":136,"column":42},"end":{"line":157,"column":5}},"line":136},"13":{"name":"(anonymous_13)","decl":{"start":{"line":162,"column":4},"end":{"line":162,"column":5}},"loc":{"start":{"line":162,"column":30},"end":{"line":169,"column":5}},"line":162},"14":{"name":"(anonymous_14)","decl":{"start":{"line":180,"column":12},"end":{"line":180,"column":13}},"loc":{"start":{"line":180,"column":18},"end":{"line":193,"column":3}},"line":180},"15":{"name":"(anonymous_15)","decl":{"start":{"line":195,"column":12},"end":{"line":195,"column":13}},"loc":{"start":{"line":195,"column":18},"end":{"line":202,"column":3}},"line":195}},"branchMap":{"0":{"loc":{"start":{"line":55,"column":4},"end":{"line":57,"column":5}},"type":"if","locations":[{"start":{"line":55,"column":4},"end":{"line":57,"column":5}},{"start":{},"end":{}}],"line":55},"1":{"loc":{"start":{"line":66,"column":6},"end":{"line":76,"column":7}},"type":"if","locations":[{"start":{"line":66,"column":6},"end":{"line":76,"column":7}},{"start":{},"end":{}}],"line":66},"2":{"loc":{"start":{"line":69,"column":10},"end":{"line":73,"column":11}},"type":"if","locations":[{"start":{"line":69,"column":10},"end":{"line":73,"column":11}},{"start":{"line":71,"column":17},"end":{"line":73,"column":11}}],"line":69},"3":{"loc":{"start":{"line":83,"column":21},"end":{"line":83,"column":76}},"type":"binary-expr","locations":[{"start":{"line":83,"column":21},"end":{"line":83,"column":38}},{"start":{"line":83,"column":42},"end":{"line":83,"column":56}},{"start":{"line":83,"column":60},"end":{"line":83,"column":76}}],"line":83},"4":{"loc":{"start":{"line":84,"column":6},"end":{"line":84,"column":55}},"type":"if","locations":[{"start":{"line":84,"column":6},"end":{"line":84,"column":55}},{"start":{},"end":{}}],"line":84},"5":{"loc":{"start":{"line":91,"column":6},"end":{"line":105,"column":7}},"type":"if","locations":[{"start":{"line":91,"column":6},"end":{"line":105,"column":7}},{"start":{},"end":{}}],"line":91},"6":{"loc":{"start":{"line":91,"column":10},"end":{"line":91,"column":37}},"type":"binary-expr","locations":[{"start":{"line":91,"column":10},"end":{"line":91,"column":24}},{"start":{"line":91,"column":28},"end":{"line":91,"column":37}}],"line":91},"7":{"loc":{"start":{"line":92,"column":8},"end":{"line":104,"column":9}},"type":"if","locations":[{"start":{"line":92,"column":8},"end":{"line":104,"column":9}},{"start":{"line":98,"column":15},"end":{"line":104,"column":9}}],"line":92},"8":{"loc":{"start":{"line":93,"column":10},"end":{"line":97,"column":11}},"type":"if","locations":[{"start":{"line":93,"column":10},"end":{"line":97,"column":11}},{"start":{},"end":{}}],"line":93},"9":{"loc":{"start":{"line":94,"column":12},"end":{"line":96,"column":13}},"type":"if","locations":[{"start":{"line":94,"column":12},"end":{"line":96,"column":13}},{"start":{},"end":{}}],"line":94},"10":{"loc":{"start":{"line":98,"column":15},"end":{"line":104,"column":9}},"type":"if","locations":[{"start":{"line":98,"column":15},"end":{"line":104,"column":9}},{"start":{},"end":{}}],"line":98},"11":{"loc":{"start":{"line":99,"column":10},"end":{"line":103,"column":11}},"type":"if","locations":[{"start":{"line":99,"column":10},"end":{"line":103,"column":11}},{"start":{},"end":{}}],"line":99},"12":{"loc":{"start":{"line":100,"column":12},"end":{"line":102,"column":13}},"type":"if","locations":[{"start":{"line":100,"column":12},"end":{"line":102,"column":13}},{"start":{},"end":{}}],"line":100},"13":{"loc":{"start":{"line":106,"column":6},"end":{"line":108,"column":7}},"type":"if","locations":[{"start":{"line":106,"column":6},"end":{"line":108,"column":7}},{"start":{},"end":{}}],"line":106},"14":{"loc":{"start":{"line":115,"column":6},"end":{"line":121,"column":7}},"type":"if","locations":[{"start":{"line":115,"column":6},"end":{"line":121,"column":7}},{"start":{"line":119,"column":13},"end":{"line":121,"column":7}}],"line":115},"15":{"loc":{"start":{"line":116,"column":8},"end":{"line":118,"column":9}},"type":"if","locations":[{"start":{"line":116,"column":8},"end":{"line":118,"column":9}},{"start":{},"end":{}}],"line":116},"16":{"loc":{"start":{"line":119,"column":13},"end":{"line":121,"column":7}},"type":"if","locations":[{"start":{"line":119,"column":13},"end":{"line":121,"column":7}},{"start":{},"end":{}}],"line":119},"17":{"loc":{"start":{"line":119,"column":17},"end":{"line":119,"column":61}},"type":"binary-expr","locations":[{"start":{"line":119,"column":17},"end":{"line":119,"column":46}},{"start":{"line":119,"column":50},"end":{"line":119,"column":61}}],"line":119},"18":{"loc":{"start":{"line":128,"column":6},"end":{"line":130,"column":7}},"type":"if","locations":[{"start":{"line":128,"column":6},"end":{"line":130,"column":7}},{"start":{},"end":{}}],"line":128},"19":{"loc":{"start":{"line":137,"column":6},"end":{"line":139,"column":7}},"type":"if","locations":[{"start":{"line":137,"column":6},"end":{"line":139,"column":7}},{"start":{},"end":{}}],"line":137},"20":{"loc":{"start":{"line":140,"column":6},"end":{"line":156,"column":7}},"type":"if","locations":[{"start":{"line":140,"column":6},"end":{"line":156,"column":7}},{"start":{},"end":{}}],"line":140},"21":{"loc":{"start":{"line":140,"column":10},"end":{"line":140,"column":35}},"type":"binary-expr","locations":[{"start":{"line":140,"column":10},"end":{"line":140,"column":17}},{"start":{"line":140,"column":21},"end":{"line":140,"column":35}}],"line":140},"22":{"loc":{"start":{"line":143,"column":8},"end":{"line":155,"column":9}},"type":"if","locations":[{"start":{"line":143,"column":8},"end":{"line":155,"column":9}},{"start":{"line":149,"column":15},"end":{"line":155,"column":9}}],"line":143},"23":{"loc":{"start":{"line":144,"column":10},"end":{"line":148,"column":11}},"type":"if","locations":[{"start":{"line":144,"column":10},"end":{"line":148,"column":11}},{"start":{},"end":{}}],"line":144},"24":{"loc":{"start":{"line":145,"column":12},"end":{"line":147,"column":13}},"type":"if","locations":[{"start":{"line":145,"column":12},"end":{"line":147,"column":13}},{"start":{},"end":{}}],"line":145},"25":{"loc":{"start":{"line":149,"column":15},"end":{"line":155,"column":9}},"type":"if","locations":[{"start":{"line":149,"column":15},"end":{"line":155,"column":9}},{"start":{},"end":{}}],"line":149},"26":{"loc":{"start":{"line":150,"column":10},"end":{"line":154,"column":11}},"type":"if","locations":[{"start":{"line":150,"column":10},"end":{"line":154,"column":11}},{"start":{},"end":{}}],"line":150},"27":{"loc":{"start":{"line":151,"column":12},"end":{"line":153,"column":13}},"type":"if","locations":[{"start":{"line":151,"column":12},"end":{"line":153,"column":13}},{"start":{},"end":{}}],"line":151},"28":{"loc":{"start":{"line":182,"column":4},"end":{"line":192,"column":5}},"type":"if","locations":[{"start":{"line":182,"column":4},"end":{"line":192,"column":5}},{"start":{},"end":{}}],"line":182},"29":{"loc":{"start":{"line":184,"column":6},"end":{"line":187,"column":7}},"type":"if","locations":[{"start":{"line":184,"column":6},"end":{"line":187,"column":7}},{"start":{},"end":{}}],"line":184},"30":{"loc":{"start":{"line":184,"column":10},"end":{"line":184,"column":33}},"type":"binary-expr","locations":[{"start":{"line":184,"column":10},"end":{"line":184,"column":25}},{"start":{"line":184,"column":29},"end":{"line":184,"column":33}}],"line":184},"31":{"loc":{"start":{"line":188,"column":6},"end":{"line":191,"column":7}},"type":"if","locations":[{"start":{"line":188,"column":6},"end":{"line":191,"column":7}},{"start":{},"end":{}}],"line":188},"32":{"loc":{"start":{"line":188,"column":10},"end":{"line":188,"column":34}},"type":"binary-expr","locations":[{"start":{"line":188,"column":10},"end":{"line":188,"column":26}},{"start":{"line":188,"column":30},"end":{"line":188,"column":34}}],"line":188},"33":{"loc":{"start":{"line":196,"column":4},"end":{"line":198,"column":5}},"type":"if","locations":[{"start":{"line":196,"column":4},"end":{"line":198,"column":5}},{"start":{},"end":{}}],"line":196},"34":{"loc":{"start":{"line":196,"column":8},"end":{"line":196,"column":57}},"type":"binary-expr","locations":[{"start":{"line":196,"column":8},"end":{"line":196,"column":21}},{"start":{"line":196,"column":25},"end":{"line":196,"column":45}},{"start":{"line":196,"column":49},"end":{"line":196,"column":57}}],"line":196},"35":{"loc":{"start":{"line":199,"column":4},"end":{"line":201,"column":5}},"type":"if","locations":[{"start":{"line":199,"column":4},"end":{"line":201,"column":5}},{"start":{},"end":{}}],"line":199},"36":{"loc":{"start":{"line":199,"column":8},"end":{"line":199,"column":57}},"type":"binary-expr","locations":[{"start":{"line":199,"column":8},"end":{"line":199,"column":21}},{"start":{"line":199,"column":25},"end":{"line":199,"column":44}},{"start":{"line":199,"column":48},"end":{"line":199,"column":57}}],"line":199}},"s":{"0":5,"1":5,"2":76,"3":5,"4":30,"5":30,"6":30,"7":30,"8":30,"9":30,"10":30,"11":30,"12":30,"13":30,"14":30,"15":30,"16":5,"17":4,"18":30,"19":1,"20":30,"21":0,"22":0,"23":0,"24":0,"25":0,"26":0,"27":0,"28":30,"29":0,"30":0,"31":0,"32":30,"33":0,"34":0,"35":0,"36":0,"37":0,"38":0,"39":0,"40":0,"41":0,"42":0,"43":0,"44":30,"45":0,"46":0,"47":0,"48":0,"49":0,"50":30,"51":0,"52":0,"53":30,"54":0,"55":0,"56":0,"57":0,"58":0,"59":0,"60":0,"61":0,"62":0,"63":0,"64":0,"65":0,"66":30,"67":0,"68":0,"69":0,"70":0,"71":0,"72":0,"73":30,"74":15,"75":8,"76":8,"77":2,"78":2,"79":8,"80":6,"81":6,"82":30,"83":22,"84":1,"85":22,"86":4,"87":30,"88":30},"f":{"0":0,"1":0,"2":76,"3":30,"4":5,"5":1,"6":0,"7":0,"8":0,"9":0,"10":0,"11":0,"12":0,"13":0,"14":15,"15":22},"b":{"0":[4,1],"1":[0,0],"2":[0,0],"3":[0,0,0],"4":[0,0],"5":[0,0],"6":[0,0],"7":[0,0],"8":[0,0],"9":[0,0],"10":[0,0],"11":[0,0],"12":[0,0],"13":[0,0],"14":[0,0],"15":[0,0],"16":[0,0],"17":[0,0],"18":[0,0],"19":[0,0],"20":[0,0],"21":[0,0],"22":[0,0],"23":[0,0],"24":[0,0],"25":[0,0],"26":[0,0],"27":[0,0],"28":[8,7],"29":[2,6],"30":[8,2],"31":[6,2],"32":[8,6],"33":[1,21],"34":[22,16,8],"35":[4,18],"36":[22,16,8]},"_coverageSchema":"1a1c01bbd47fc00a2c39e90264f33305004495a9","hash":"c35bd4d19e07c7318c006c2ea8b9a9cf5268501a"}
}
