TN:
SF:src/test-utils.tsx
FN:5,(anonymous_0)
FN:9,(anonymous_1)
FNF:2
FNH:2
FNDA:31,(anonymous_0)
FNDA:31,(anonymous_1)
DA:5,11
DA:6,31
DA:9,11
DA:10,31
LF:4
LH:4
BRF:0
BRH:0
end_of_record
TN:
SF:src/assets/styles/GlobalStyles.ts
FNF:0
FNH:0
DA:3,11
LF:1
LH:1
BRF:0
BRH:0
end_of_record
TN:
SF:src/assets/styles/theme.ts
FNF:0
FNH:0
DA:3,11
LF:1
LH:1
BRF:0
BRH:0
end_of_record
TN:
SF:src/components/atoms/ParallaxPlaceholder/ParallaxPlaceholder.ts
FN:9,(anonymous_0)
FN:11,(anonymous_1)
FNF:2
FNH:2
FNDA:1,(anonymous_0)
FNDA:1,(anonymous_1)
DA:7,1
DA:9,1
DA:11,1
LF:3
LH:3
BRF:0
BRH:0
end_of_record
TN:
SF:src/components/atoms/Subtitle/Subtitle.ts
FN:11,(anonymous_0)
FN:12,(anonymous_1)
FN:13,(anonymous_2)
FN:15,(anonymous_3)
FN:17,(anonymous_4)
FN:22,(anonymous_5)
FN:23,(anonymous_6)
FN:25,(anonymous_7)
FN:26,(anonymous_8)
FN:27,(anonymous_9)
FN:33,(anonymous_10)
FN:37,(anonymous_11)
FN:38,(anonymous_12)
FN:44,(anonymous_13)
FN:45,(anonymous_14)
FN:46,(anonymous_15)
FN:47,(anonymous_16)
FN:49,(anonymous_17)
FNF:18
FNH:18
FNDA:4,(anonymous_0)
FNDA:4,(anonymous_1)
FNDA:4,(anonymous_2)
FNDA:4,(anonymous_3)
FNDA:4,(anonymous_4)
FNDA:2,(anonymous_5)
FNDA:2,(anonymous_6)
FNDA:2,(anonymous_7)
FNDA:2,(anonymous_8)
FNDA:2,(anonymous_9)
FNDA:1,(anonymous_10)
FNDA:1,(anonymous_11)
FNDA:1,(anonymous_12)
FNDA:7,(anonymous_13)
FNDA:7,(anonymous_14)
FNDA:7,(anonymous_15)
FNDA:7,(anonymous_16)
FNDA:7,(anonymous_17)
DA:9,2
DA:11,4
DA:12,4
DA:13,4
DA:15,4
DA:17,4
DA:21,2
DA:22,2
DA:23,2
DA:25,2
DA:26,2
DA:27,2
DA:31,2
DA:33,1
DA:36,2
DA:37,1
DA:38,1
DA:42,2
DA:44,7
DA:45,7
DA:46,7
DA:47,7
DA:50,7
DA:52,4
DA:54,1
DA:56,1
DA:58,1
LF:27
LH:27
BRDA:44,0,0,5
BRDA:45,1,0,6
BRDA:47,2,0,6
BRDA:50,3,0,4
BRDA:50,3,1,1
BRDA:50,3,2,1
BRDA:50,3,3,1
BRF:7
BRH:7
end_of_record
TN:
SF:src/components/atoms/Title/Title.ts
FN:17,(anonymous_0)
FN:18,(anonymous_1)
FN:19,(anonymous_2)
FN:21,(anonymous_3)
FN:23,(anonymous_4)
FN:24,(anonymous_5)
FN:29,(anonymous_6)
FN:30,(anonymous_7)
FN:32,(anonymous_8)
FN:33,(anonymous_9)
FN:34,(anonymous_10)
FN:40,(anonymous_11)
FN:44,(anonymous_12)
FN:45,(anonymous_13)
FN:48,(anonymous_14)
FN:49,(anonymous_15)
FN:50,(anonymous_16)
FN:55,(anonymous_17)
FN:56,(anonymous_18)
FN:57,(anonymous_19)
FN:68,(anonymous_20)
FN:69,(anonymous_21)
FN:70,(anonymous_22)
FN:71,(anonymous_23)
FN:73,(anonymous_24)
FNF:25
FNH:25
FNDA:4,(anonymous_0)
FNDA:4,(anonymous_1)
FNDA:4,(anonymous_2)
FNDA:4,(anonymous_3)
FNDA:4,(anonymous_4)
FNDA:4,(anonymous_5)
FNDA:2,(anonymous_6)
FNDA:2,(anonymous_7)
FNDA:2,(anonymous_8)
FNDA:2,(anonymous_9)
FNDA:2,(anonymous_10)
FNDA:1,(anonymous_11)
FNDA:1,(anonymous_12)
FNDA:1,(anonymous_13)
FNDA:1,(anonymous_14)
FNDA:1,(anonymous_15)
FNDA:1,(anonymous_16)
FNDA:2,(anonymous_17)
FNDA:2,(anonymous_18)
FNDA:2,(anonymous_19)
FNDA:9,(anonymous_20)
FNDA:9,(anonymous_21)
FNDA:9,(anonymous_22)
FNDA:9,(anonymous_23)
FNDA:9,(anonymous_24)
DA:15,2
DA:17,4
DA:18,4
DA:19,4
DA:21,4
DA:23,4
DA:24,4
DA:28,2
DA:29,2
DA:30,2
DA:32,2
DA:33,2
DA:34,2
DA:38,2
DA:40,1
DA:43,2
DA:44,1
DA:45,1
DA:48,1
DA:49,1
DA:50,1
DA:54,2
DA:55,2
DA:56,2
DA:57,2
DA:61,2
DA:66,2
DA:68,9
DA:69,9
DA:70,9
DA:71,9
DA:74,9
DA:76,4
DA:78,1
DA:80,1
DA:82,1
DA:84,1
DA:86,1
LF:38
LH:38
BRDA:68,0,0,8
BRDA:69,1,0,8
BRDA:71,2,0,8
BRDA:74,3,0,4
BRDA:74,3,1,1
BRDA:74,3,2,1
BRDA:74,3,3,1
BRDA:74,3,4,1
BRDA:74,3,5,1
BRF:9
BRH:9
end_of_record
TN:
SF:src/components/molecules/CarouselSlide/CarouselSlide.style.ts
FNF:0
FNH:0
DA:4,1
DA:8,1
DA:15,1
LF:3
LH:3
BRF:0
BRH:0
end_of_record
TN:
SF:src/components/molecules/CarouselSlide/CarouselSlide.tsx
FN:7,(anonymous_0)
FNF:1
FNH:1
FNDA:1,(anonymous_0)
DA:7,1
DA:8,1
LF:2
LH:2
BRF:0
BRH:0
end_of_record
TN:
SF:src/components/molecules/ContactBox/ContactBox.style.ts
FN:10,(anonymous_0)
FN:15,(anonymous_1)
FN:16,(anonymous_2)
FN:21,(anonymous_3)
FN:22,(anonymous_4)
FN:23,(anonymous_5)
FN:26,(anonymous_6)
FNF:7
FNH:7
FNDA:14,(anonymous_0)
FNDA:14,(anonymous_1)
FNDA:14,(anonymous_2)
FNDA:28,(anonymous_3)
FNDA:28,(anonymous_4)
FNDA:28,(anonymous_5)
FNDA:28,(anonymous_6)
DA:4,2
DA:10,14
DA:15,14
DA:16,14
DA:20,2
DA:21,28
DA:22,28
DA:23,28
DA:26,28
LF:9
LH:9
BRDA:16,0,0,2
BRDA:16,0,1,12
BRF:2
BRH:2
end_of_record
TN:
SF:src/components/molecules/ContactBox/ContactBox.tsx
FN:8,(anonymous_0)
FNF:1
FNH:1
FNDA:14,(anonymous_0)
DA:8,2
DA:9,14
LF:2
LH:2
BRF:0
BRH:0
end_of_record
TN:
SF:src/components/molecules/HamburgerButton/HamburgerButton.style.ts
FN:9,(anonymous_0)
FN:31,(anonymous_1)
FN:37,(anonymous_2)
FN:43,(anonymous_3)
FN:46,(anonymous_4)
FN:49,(anonymous_5)
FNF:6
FNH:6
FNDA:30,(anonymous_0)
FNDA:15,(anonymous_1)
FNDA:15,(anonymous_2)
FNDA:15,(anonymous_3)
FNDA:15,(anonymous_4)
FNDA:15,(anonymous_5)
DA:3,2
DA:9,30
DA:17,2
DA:31,15
DA:37,15
DA:43,15
DA:46,15
DA:49,15
LF:8
LH:8
BRDA:37,0,0,2
BRDA:37,0,1,13
BRDA:43,1,0,2
BRDA:43,1,1,13
BRF:4
BRH:4
end_of_record
TN:
SF:src/components/molecules/HamburgerButton/HamburgerButton.tsx
FN:9,(anonymous_0)
FNF:1
FNH:1
FNDA:15,(anonymous_0)
DA:9,2
DA:10,15
LF:2
LH:2
BRDA:12,0,0,2
BRDA:12,0,1,13
BRF:2
BRH:2
end_of_record
TN:
SF:src/components/molecules/Logo/Logo.style.ts
FN:30,(anonymous_0)
FN:36,(anonymous_1)
FN:39,(anonymous_2)
FNF:3
FNH:3
FNDA:14,(anonymous_0)
FNDA:14,(anonymous_1)
FNDA:14,(anonymous_2)
DA:10,2
DA:30,14
DA:36,14
DA:40,14
LF:4
LH:4
BRDA:40,0,0,13
BRDA:40,0,1,1
BRDA:40,1,0,14
BRDA:40,1,1,13
BRF:4
BRH:4
end_of_record
TN:
SF:src/components/molecules/Logo/Logo.tsx
FN:18,(anonymous_0)
FN:21,(anonymous_1)
FNF:2
FNH:1
FNDA:15,(anonymous_0)
FNDA:0,(anonymous_1)
DA:7,2
DA:18,2
DA:19,15
DA:21,15
DA:22,0
DA:23,0
DA:27,15
DA:28,14
DA:39,1
DA:40,0
LF:10
LH:7
BRDA:22,0,0,0
BRDA:22,0,1,0
BRDA:27,1,0,14
BRDA:27,1,1,1
BRDA:27,2,0,15
BRDA:27,2,1,2
BRDA:35,3,0,13
BRDA:35,3,1,1
BRDA:39,4,0,1
BRDA:39,4,1,0
BRF:10
BRH:7
end_of_record
TN:
SF:src/components/molecules/NavigationList/NavigationList.style.ts
FN:28,(anonymous_0)
FN:39,(anonymous_1)
FN:48,(anonymous_2)
FN:59,(anonymous_3)
FN:67,(anonymous_4)
FN:68,(anonymous_5)
FN:69,(anonymous_6)
FN:76,(anonymous_7)
FN:78,(anonymous_8)
FN:79,(anonymous_9)
FN:84,(anonymous_10)
FN:86,(anonymous_11)
FN:88,(anonymous_12)
FNF:13
FNH:13
FNDA:21,(anonymous_0)
FNDA:21,(anonymous_1)
FNDA:21,(anonymous_2)
FNDA:21,(anonymous_3)
FNDA:84,(anonymous_4)
FNDA:84,(anonymous_5)
FNDA:84,(anonymous_6)
FNDA:84,(anonymous_7)
FNDA:84,(anonymous_8)
FNDA:84,(anonymous_9)
FNDA:84,(anonymous_10)
FNDA:84,(anonymous_11)
FNDA:84,(anonymous_12)
DA:12,2
DA:28,21
DA:40,21
DA:48,21
DA:60,21
DA:65,2
DA:67,84
DA:68,84
DA:69,84
DA:76,84
DA:78,84
DA:79,84
DA:84,84
DA:87,84
DA:88,84
LF:15
LH:15
BRDA:40,0,0,0
BRDA:40,0,1,21
BRDA:60,1,0,0
BRDA:60,1,1,21
BRDA:87,2,0,32
BRDA:87,2,1,52
BRF:6
BRH:4
end_of_record
TN:
SF:src/components/molecules/NavigationList/NavigationList.tsx
FN:17,(anonymous_0)
FN:20,(anonymous_1)
FN:27,(anonymous_2)
FNF:3
FNH:2
FNDA:21,(anonymous_0)
FNDA:0,(anonymous_1)
FNDA:84,(anonymous_2)
DA:6,2
DA:17,2
DA:18,21
DA:20,21
DA:21,0
DA:22,0
DA:25,21
DA:28,84
LF:8
LH:6
BRF:0
BRH:0
end_of_record
TN:
SF:src/components/molecules/Socials/Socials.style.ts
FN:8,(anonymous_0)
FN:10,(anonymous_1)
FN:15,(anonymous_2)
FNF:3
FNH:3
FNDA:20,(anonymous_0)
FNDA:20,(anonymous_1)
FNDA:20,(anonymous_2)
DA:3,1
DA:8,20
DA:10,20
DA:15,20
LF:4
LH:4
BRF:0
BRH:0
end_of_record
TN:
SF:src/components/molecules/Socials/Socials.tsx
FN:10,(anonymous_0)
FNF:1
FNH:1
FNDA:20,(anonymous_0)
DA:10,1
DA:11,20
LF:2
LH:2
BRDA:10,0,0,12
BRF:1
BRH:1
end_of_record
TN:
SF:src/components/organisms/HamburgerMenu/HamburgerMenu.style.tsx
FN:15,(anonymous_0)
FN:17,(anonymous_1)
FN:19,(anonymous_2)
FN:20,(anonymous_3)
FN:23,(anonymous_4)
FN:27,(anonymous_5)
FNF:6
FNH:6
FNDA:12,(anonymous_0)
FNDA:12,(anonymous_1)
FNDA:12,(anonymous_2)
FNDA:12,(anonymous_3)
FNDA:12,(anonymous_4)
FNDA:12,(anonymous_5)
DA:8,1
DA:15,12
DA:17,12
DA:19,12
DA:20,12
DA:23,12
DA:27,12
LF:7
LH:7
BRDA:20,0,0,1
BRDA:20,0,1,11
BRF:2
BRH:2
end_of_record
TN:
SF:src/components/organisms/HamburgerMenu/HamburgerMenu.tsx
FN:12,(anonymous_0)
FNF:1
FNH:1
FNDA:12,(anonymous_0)
DA:12,1
DA:13,12
DA:15,12
LF:3
LH:3
BRF:0
BRH:0
end_of_record
TN:
SF:src/components/organisms/NavBar/NavBar.style.ts
FN:14,(anonymous_0)
FN:21,(anonymous_1)
FN:22,(anonymous_2)
FN:23,(anonymous_3)
FN:26,(anonymous_4)
FN:32,(anonymous_5)
FN:34,(anonymous_6)
FN:38,(anonymous_7)
FN:40,(anonymous_8)
FN:43,(anonymous_9)
FN:44,(anonymous_10)
FN:45,(anonymous_11)
FN:47,(anonymous_12)
FNF:13
FNH:13
FNDA:12,(anonymous_0)
FNDA:12,(anonymous_1)
FNDA:12,(anonymous_2)
FNDA:12,(anonymous_3)
FNDA:12,(anonymous_4)
FNDA:12,(anonymous_5)
FNDA:12,(anonymous_6)
FNDA:12,(anonymous_7)
FNDA:12,(anonymous_8)
FNDA:12,(anonymous_9)
FNDA:12,(anonymous_10)
FNDA:12,(anonymous_11)
FNDA:12,(anonymous_12)
DA:10,1
DA:14,12
DA:21,12
DA:22,12
DA:23,12
DA:26,12
DA:33,12
DA:35,12
DA:38,12
DA:41,12
DA:43,12
DA:44,12
DA:46,12
DA:48,12
LF:14
LH:14
BRDA:22,0,0,0
BRDA:22,0,1,12
BRDA:23,1,0,11
BRDA:23,1,1,1
BRDA:33,2,0,12
BRDA:33,2,1,0
BRDA:35,3,0,0
BRDA:35,3,1,12
BRDA:35,4,0,12
BRDA:35,4,1,0
BRDA:41,5,0,12
BRDA:41,5,1,0
BRDA:43,6,0,12
BRDA:43,6,1,0
BRDA:44,7,0,12
BRDA:44,7,1,0
BRDA:46,8,0,12
BRDA:46,8,1,0
BRDA:48,9,0,0
BRDA:48,9,1,12
BRDA:48,10,0,12
BRDA:48,10,1,0
BRF:22
BRH:12
end_of_record
TN:
SF:src/components/organisms/NavBar/NavBar.tsx
FN:10,(anonymous_0)
FNF:1
FNH:1
FNDA:12,(anonymous_0)
DA:10,1
DA:12,12
DA:14,12
LF:3
LH:3
BRDA:22,0,0,8
BRDA:22,0,1,4
BRF:2
BRH:2
end_of_record
TN:
SF:src/components/templates/MainTemplate/MainTemplate.tsx
FN:11,(anonymous_0)
FNF:1
FNH:1
FNDA:31,(anonymous_0)
DA:11,11
DA:12,31
LF:2
LH:2
BRF:0
BRH:0
end_of_record
TN:
SF:src/helpers/testing.tsx
FN:5,(anonymous_0)
FN:15,(anonymous_1)
FN:17,(anonymous_2)
FN:23,(anonymous_3)
FN:29,(anonymous_4)
FNF:5
FNH:5
FNDA:10,(anonymous_0)
FNDA:10,(anonymous_1)
FNDA:8,(anonymous_2)
FNDA:2,(anonymous_3)
FNDA:16,(anonymous_4)
DA:5,3
DA:6,10
DA:7,8
DA:9,10
DA:10,2
DA:12,10
DA:15,3
DA:16,10
DA:17,8
DA:18,8
DA:22,10
DA:23,2
DA:24,2
DA:29,3
DA:31,16
DA:32,16
DA:34,5
DA:36,8
DA:43,3
DA:50,0
LF:20
LH:19
BRDA:6,0,0,8
BRDA:6,0,1,2
BRDA:9,1,0,2
BRDA:9,1,1,8
BRDA:16,2,0,8
BRDA:16,2,1,2
BRDA:22,3,0,2
BRDA:22,3,1,8
BRDA:32,4,0,5
BRDA:32,4,1,8
BRDA:32,4,2,3
BRF:11
BRH:11
end_of_record
TN:
SF:src/hooks/useWindowSize.ts
FN:8,(anonymous_0)
FN:13,(anonymous_1)
FN:14,(anonymous_2)
FN:23,(anonymous_3)
FNF:4
FNH:4
FNDA:52,(anonymous_0)
FNDA:12,(anonymous_1)
FNDA:24,(anonymous_2)
FNDA:12,(anonymous_3)
DA:8,5
DA:9,52
DA:13,52
DA:14,12
DA:15,24
DA:21,12
DA:22,12
DA:23,12
DA:25,52
LF:9
LH:9
BRF:0
BRH:0
end_of_record
TN:
SF:src/mocks/graphqlMocks.ts
FNF:0
FNH:0
DA:4,1
DA:11,1
DA:16,1
DA:33,1
LF:4
LH:4
BRF:0
BRH:0
end_of_record
TN:
SF:src/providers/IndexContextProvider.tsx
FN:32,(anonymous_0)
FN:33,(anonymous_1)
FN:36,(anonymous_2)
FN:40,(anonymous_3)
FN:54,(anonymous_4)
FN:60,(anonymous_5)
FN:65,(anonymous_6)
FN:68,(anonymous_7)
FN:82,(anonymous_8)
FN:90,(anonymous_9)
FN:114,(anonymous_10)
FN:127,(anonymous_11)
FN:136,(anonymous_12)
FN:162,(anonymous_13)
FN:180,(anonymous_14)
FN:195,(anonymous_15)
FNF:16
FNH:6
FNDA:0,(anonymous_0)
FNDA:0,(anonymous_1)
FNDA:76,(anonymous_2)
FNDA:30,(anonymous_3)
FNDA:5,(anonymous_4)
FNDA:1,(anonymous_5)
FNDA:0,(anonymous_6)
FNDA:0,(anonymous_7)
FNDA:0,(anonymous_8)
FNDA:0,(anonymous_9)
FNDA:0,(anonymous_10)
FNDA:0,(anonymous_11)
FNDA:0,(anonymous_12)
FNDA:0,(anonymous_13)
FNDA:15,(anonymous_14)
FNDA:22,(anonymous_15)
DA:23,5
DA:36,5
DA:37,76
DA:40,5
DA:41,30
DA:42,30
DA:43,30
DA:44,30
DA:45,30
DA:46,30
DA:47,30
DA:48,30
DA:49,30
DA:50,30
DA:51,30
DA:54,30
DA:55,5
DA:56,4
DA:60,30
DA:61,1
DA:64,30
DA:66,0
DA:67,0
DA:68,0
DA:69,0
DA:70,0
DA:72,0
DA:74,0
DA:81,30
DA:83,0
DA:84,0
DA:89,30
DA:91,0
DA:92,0
DA:93,0
DA:94,0
DA:95,0
DA:98,0
DA:99,0
DA:100,0
DA:101,0
DA:106,0
DA:107,0
DA:113,30
DA:115,0
DA:116,0
DA:117,0
DA:119,0
DA:120,0
DA:126,30
DA:128,0
DA:129,0
DA:135,30
DA:137,0
DA:138,0
DA:140,0
DA:141,0
DA:143,0
DA:144,0
DA:145,0
DA:146,0
DA:149,0
DA:150,0
DA:151,0
DA:152,0
DA:161,30
DA:163,0
DA:164,0
DA:165,0
DA:166,0
DA:167,0
DA:168,0
DA:180,30
DA:182,15
DA:183,8
DA:184,8
DA:185,2
DA:186,2
DA:188,8
DA:189,6
DA:190,6
DA:195,30
DA:196,22
DA:197,1
DA:199,22
DA:200,4
DA:204,30
DA:217,30
LF:88
LH:43
BRDA:55,0,0,4
BRDA:55,0,1,1
BRDA:66,1,0,0
BRDA:66,1,1,0
BRDA:69,2,0,0
BRDA:69,2,1,0
BRDA:83,3,0,0
BRDA:83,3,1,0
BRDA:83,3,2,0
BRDA:84,4,0,0
BRDA:84,4,1,0
BRDA:91,5,0,0
BRDA:91,5,1,0
BRDA:91,6,0,0
BRDA:91,6,1,0
BRDA:92,7,0,0
BRDA:92,7,1,0
BRDA:93,8,0,0
BRDA:93,8,1,0
BRDA:94,9,0,0
BRDA:94,9,1,0
BRDA:98,10,0,0
BRDA:98,10,1,0
BRDA:99,11,0,0
BRDA:99,11,1,0
BRDA:100,12,0,0
BRDA:100,12,1,0
BRDA:106,13,0,0
BRDA:106,13,1,0
BRDA:115,14,0,0
BRDA:115,14,1,0
BRDA:116,15,0,0
BRDA:116,15,1,0
BRDA:119,16,0,0
BRDA:119,16,1,0
BRDA:119,17,0,0
BRDA:119,17,1,0
BRDA:128,18,0,0
BRDA:128,18,1,0
BRDA:137,19,0,0
BRDA:137,19,1,0
BRDA:140,20,0,0
BRDA:140,20,1,0
BRDA:140,21,0,0
BRDA:140,21,1,0
BRDA:143,22,0,0
BRDA:143,22,1,0
BRDA:144,23,0,0
BRDA:144,23,1,0
BRDA:145,24,0,0
BRDA:145,24,1,0
BRDA:149,25,0,0
BRDA:149,25,1,0
BRDA:150,26,0,0
BRDA:150,26,1,0
BRDA:151,27,0,0
BRDA:151,27,1,0
BRDA:182,28,0,8
BRDA:182,28,1,7
BRDA:184,29,0,2
BRDA:184,29,1,6
BRDA:184,30,0,8
BRDA:184,30,1,2
BRDA:188,31,0,6
BRDA:188,31,1,2
BRDA:188,32,0,8
BRDA:188,32,1,6
BRDA:196,33,0,1
BRDA:196,33,1,21
BRDA:196,34,0,22
BRDA:196,34,1,16
BRDA:196,34,2,8
BRDA:199,35,0,4
BRDA:199,35,1,18
BRDA:199,36,0,22
BRDA:199,36,1,16
BRDA:199,36,2,8
BRF:77
BRH:22
end_of_record
